Running job on gpu-5-21
Requested resources:
  - CPUs: 8
  - GPUs: 
  - Memory: 16000
/home/sprice/ICCV25/samEnv/lib/python3.8/site-packages/mmcv/__init__.py:20: UserWarning: On January 1, 2023, MMCV will release v2.0.0, in which it will remove components related to the training process and add a data transformation module. In addition, it will rename the package names mmcv to mmcv-lite and mmcv-full to mmcv. See https://github.com/open-mmlab/mmcv/blob/master/docs/en/compatibility.md for more details.
  warnings.warn(
[INFO] Loading SAM model from /home/sprice/ICCV25/modelWeights/sam_vit_l.pth
------------------------------
1024
768
1
0.0
Random
True
0.9
0.9
------------------------------
Traceback (most recent call last):
  File "/home/sprice/ICCV25/DualSight/ablationStudy/ablation_study.py", line 316, in <module>
    run_experiments(
  File "/home/sprice/ICCV25/DualSight/ablationStudy/ablation_study.py", line 212, in run_experiments
    sam_masks_list = run_sam_inference(
  File "../sam_helper.py", line 579, in run_sam_inference
    masks, scores, logits = predictor.predict(**predict_kwargs)
  File "/home/sprice/ICCV25/samEnv/lib/python3.8/site-packages/segment_anything/predictor.py", line 142, in predict
    point_coords = self.transform.apply_coords(point_coords, self.original_size)
  File "/home/sprice/ICCV25/samEnv/lib/python3.8/site-packages/segment_anything/utils/transforms.py", line 43, in apply_coords
    coords[..., 0] = coords[..., 0] * (new_w / old_w)
IndexError: index 0 is out of bounds for axis 0 with size 0
