Running job on gpu-4-14
Requested resources:
  - CPUs: 8
  - GPUs: 
  - Memory: 12000
/home/sprice/ICCV25/maskFormerEnv/lib/python3.8/site-packages/segment_anything/build_sam.py:105: FutureWarning: You are using `torch.load` with `weights_only=False` (the current default value), which uses the default pickle module implicitly. It is possible to construct malicious pickle data which will execute arbitrary code during unpickling (See https://github.com/pytorch/pytorch/blob/main/SECURITY.md#untrusted-models for more details). In a future release, the default value for `weights_only` will be flipped to `True`. This limits the functions that could be executed during unpickling. Arbitrary objects will no longer be allowed to be loaded via this mode unless they are explicitly allowlisted by the user via `torch.serialization.add_safe_globals`. We recommend you start setting `weights_only=True` for any use case where you don't have full control of the loaded file. Please open an issue on GitHub for any issues related to this experimental feature.
  state_dict = torch.load(f)
[INFO] Loading SAM model from /home/sprice/ICCV25/modelWeights/sam_vit_l.pth
[WARNING] Model 'Mask R-CNN + Sam' not recognized. Skipping configuration ID 8065.
[WARNING] Model 'Mask R-CNN + Sam' not recognized. Skipping configuration ID 8066.
[WARNING] Model 'Mask R-CNN + Sam' not recognized. Skipping configuration ID 8067.
[WARNING] Model 'Mask R-CNN + Sam' not recognized. Skipping configuration ID 8068.
[WARNING] Model 'Mask R-CNN + Sam' not recognized. Skipping configuration ID 8069.
[WARNING] Model 'Mask R-CNN + Sam' not recognized. Skipping configuration ID 8070.
[WARNING] Model 'Mask R-CNN + Sam' not recognized. Skipping configuration ID 8071.
[WARNING] Model 'Mask R-CNN + Sam' not recognized. Skipping configuration ID 8072.
[WARNING] Model 'Mask R-CNN + Sam' not recognized. Skipping configuration ID 8073.
[WARNING] Model 'Mask R-CNN + Sam' not recognized. Skipping configuration ID 8074.
[WARNING] Model 'Mask R-CNN + Sam' not recognized. Skipping configuration ID 8075.
[WARNING] Model 'Mask R-CNN + Sam' not recognized. Skipping configuration ID 8076.
[WARNING] Model 'Mask R-CNN + Sam' not recognized. Skipping configuration ID 8077.
[WARNING] Model 'Mask R-CNN + Sam' not recognized. Skipping configuration ID 8078.
[WARNING] Model 'Mask R-CNN + Sam' not recognized. Skipping configuration ID 8079.
[WARNING] Model 'Mask R-CNN + Sam' not recognized. Skipping configuration ID 8080.
[WARNING] Model 'Mask R-CNN + Sam' not recognized. Skipping configuration ID 8081.
[WARNING] Model 'Mask R-CNN + Sam' not recognized. Skipping configuration ID 8082.
[WARNING] Model 'Mask R-CNN + Sam' not recognized. Skipping configuration ID 8083.
[WARNING] Model 'Mask R-CNN + Sam' not recognized. Skipping configuration ID 8084.
[WARNING] Model 'Mask R-CNN + Sam' not recognized. Skipping configuration ID 8085.
[WARNING] Model 'Mask R-CNN + Sam' not recognized. Skipping configuration ID 8086.
[WARNING] Model 'Mask R-CNN + Sam' not recognized. Skipping configuration ID 8087.
[WARNING] Model 'Mask R-CNN + Sam' not recognized. Skipping configuration ID 8088.
[WARNING] Model 'Mask R-CNN + Sam' not recognized. Skipping configuration ID 8089.
[WARNING] Model 'Mask R-CNN + Sam' not recognized. Skipping configuration ID 8090.
[WARNING] Model 'Mask R-CNN + Sam' not recognized. Skipping configuration ID 8091.
[WARNING] Model 'Mask R-CNN + Sam' not recognized. Skipping configuration ID 8092.
[WARNING] Model 'Mask R-CNN + Sam' not recognized. Skipping configuration ID 8093.
[WARNING] Model 'Mask R-CNN + Sam' not recognized. Skipping configuration ID 8094.
[WARNING] Model 'Mask R-CNN + Sam' not recognized. Skipping configuration ID 8095.
[WARNING] Model 'Mask R-CNN + Sam' not recognized. Skipping configuration ID 8096.
[WARNING] Model 'Mask R-CNN + Sam' not recognized. Skipping configuration ID 8097.
[WARNING] Model 'Mask R-CNN + Sam' not recognized. Skipping configuration ID 8098.
[WARNING] Model 'Mask R-CNN + Sam' not recognized. Skipping configuration ID 8099.
[WARNING] Model 'Mask R-CNN + Sam' not recognized. Skipping configuration ID 8100.
[WARNING] Model 'Mask R-CNN + Sam' not recognized. Skipping configuration ID 8101.
[WARNING] Model 'Mask R-CNN + Sam' not recognized. Skipping configuration ID 8102.
[WARNING] Model 'Mask R-CNN + Sam' not recognized. Skipping configuration ID 8103.
[WARNING] Model 'Mask R-CNN + Sam' not recognized. Skipping configuration ID 8104.
[WARNING] Model 'Mask R-CNN + Sam' not recognized. Skipping configuration ID 8105.
[WARNING] Model 'Mask R-CNN + Sam' not recognized. Skipping configuration ID 8106.
[WARNING] Model 'Mask R-CNN + Sam' not recognized. Skipping configuration ID 8107.
[WARNING] Model 'Mask R-CNN + Sam' not recognized. Skipping configuration ID 8108.
[WARNING] Model 'Mask R-CNN + Sam' not recognized. Skipping configuration ID 8109.
[WARNING] Model 'Mask R-CNN + Sam' not recognized. Skipping configuration ID 8110.
[WARNING] Model 'Mask R-CNN + Sam' not recognized. Skipping configuration ID 8111.
[WARNING] Model 'Mask R-CNN + Sam' not recognized. Skipping configuration ID 8112.
[WARNING] Model 'Mask R-CNN + Sam' not recognized. Skipping configuration ID 8113.
[WARNING] Model 'Mask R-CNN + Sam' not recognized. Skipping configuration ID 8114.
[WARNING] Model 'Mask R-CNN + Sam' not recognized. Skipping configuration ID 8115.
[WARNING] Model 'Mask R-CNN + Sam' not recognized. Skipping configuration ID 8116.
[WARNING] Model 'Mask R-CNN + Sam' not recognized. Skipping configuration ID 8117.
[WARNING] Model 'Mask R-CNN + Sam' not recognized. Skipping configuration ID 8118.
[WARNING] Model 'Mask R-CNN + Sam' not recognized. Skipping configuration ID 8119.
[WARNING] Model 'Mask R-CNN + Sam' not recognized. Skipping configuration ID 8120.
[WARNING] Model 'Mask R-CNN + Sam' not recognized. Skipping configuration ID 8121.
[WARNING] Model 'Mask R-CNN + Sam' not recognized. Skipping configuration ID 8122.
[WARNING] Model 'Mask R-CNN + Sam' not recognized. Skipping configuration ID 8123.
[WARNING] Model 'Mask R-CNN + Sam' not recognized. Skipping configuration ID 8124.
[WARNING] Model 'Mask R-CNN + Sam' not recognized. Skipping configuration ID 8125.
[WARNING] Model 'Mask R-CNN + Sam' not recognized. Skipping configuration ID 8126.
[WARNING] Model 'Mask R-CNN + Sam' not recognized. Skipping configuration ID 8127.
[WARNING] Model 'Mask R-CNN + Sam' not recognized. Skipping configuration ID 8128.
[WARNING] Model 'Mask R-CNN + Sam' not recognized. Skipping configuration ID 8129.
[WARNING] Model 'Mask R-CNN + Sam' not recognized. Skipping configuration ID 8130.
[WARNING] Model 'Mask R-CNN + Sam' not recognized. Skipping configuration ID 8131.
[WARNING] Model 'Mask R-CNN + Sam' not recognized. Skipping configuration ID 8132.
[WARNING] Model 'Mask R-CNN + Sam' not recognized. Skipping configuration ID 8133.
[WARNING] Model 'Mask R-CNN + Sam' not recognized. Skipping configuration ID 8134.
[WARNING] Model 'Mask R-CNN + Sam' not recognized. Skipping configuration ID 8135.
[WARNING] Model 'Mask R-CNN + Sam' not recognized. Skipping configuration ID 8136.
[WARNING] Model 'Mask R-CNN + Sam' not recognized. Skipping configuration ID 8137.
[WARNING] Model 'Mask R-CNN + Sam' not recognized. Skipping configuration ID 8138.
[WARNING] Model 'Mask R-CNN + Sam' not recognized. Skipping configuration ID 8139.
[WARNING] Model 'Mask R-CNN + Sam' not recognized. Skipping configuration ID 8140.
[WARNING] Model 'Mask R-CNN + Sam' not recognized. Skipping configuration ID 8141.
[WARNING] Model 'Mask R-CNN + Sam' not recognized. Skipping configuration ID 8142.
[WARNING] Model 'Mask R-CNN + Sam' not recognized. Skipping configuration ID 8143.
[WARNING] Model 'Mask R-CNN + Sam' not recognized. Skipping configuration ID 8144.
[WARNING] Model 'Mask R-CNN + Sam' not recognized. Skipping configuration ID 8145.
[WARNING] Model 'Mask R-CNN + Sam' not recognized. Skipping configuration ID 8146.
[WARNING] Model 'Mask R-CNN + Sam' not recognized. Skipping configuration ID 8147.
[WARNING] Model 'Mask R-CNN + Sam' not recognized. Skipping configuration ID 8148.
[WARNING] Model 'Mask R-CNN + Sam' not recognized. Skipping configuration ID 8149.
[WARNING] Model 'Mask R-CNN + Sam' not recognized. Skipping configuration ID 8150.
[WARNING] Model 'Mask R-CNN + Sam' not recognized. Skipping configuration ID 8151.
[WARNING] Model 'Mask R-CNN + Sam' not recognized. Skipping configuration ID 8152.
[WARNING] Model 'Mask R-CNN + Sam' not recognized. Skipping configuration ID 8153.
[WARNING] Model 'Mask R-CNN + Sam' not recognized. Skipping configuration ID 8154.
[WARNING] Model 'Mask R-CNN + Sam' not recognized. Skipping configuration ID 8155.
[WARNING] Model 'Mask R-CNN + Sam' not recognized. Skipping configuration ID 8156.
[WARNING] Model 'Mask R-CNN + Sam' not recognized. Skipping configuration ID 8157.
[WARNING] Model 'Mask R-CNN + Sam' not recognized. Skipping configuration ID 8158.
[WARNING] Model 'Mask R-CNN + Sam' not recognized. Skipping configuration ID 8159.
[WARNING] Model 'Mask R-CNN + Sam' not recognized. Skipping configuration ID 8160.
[WARNING] Model 'Mask R-CNN + Sam' not recognized. Skipping configuration ID 8161.
[WARNING] Model 'Mask R-CNN + Sam' not recognized. Skipping configuration ID 8162.
[WARNING] Model 'Mask R-CNN + Sam' not recognized. Skipping configuration ID 8163.
[WARNING] Model 'Mask R-CNN + Sam' not recognized. Skipping configuration ID 8164.
[WARNING] Model 'Mask R-CNN + Sam' not recognized. Skipping configuration ID 8165.
[WARNING] Model 'Mask R-CNN + Sam' not recognized. Skipping configuration ID 8166.
[WARNING] Model 'Mask R-CNN + Sam' not recognized. Skipping configuration ID 8167.
[WARNING] Model 'Mask R-CNN + Sam' not recognized. Skipping configuration ID 8168.
[WARNING] Model 'Mask R-CNN + Sam' not recognized. Skipping configuration ID 8169.
[WARNING] Model 'Mask R-CNN + Sam' not recognized. Skipping configuration ID 8170.
[WARNING] Model 'Mask R-CNN + Sam' not recognized. Skipping configuration ID 8171.
[WARNING] Model 'Mask R-CNN + Sam' not recognized. Skipping configuration ID 8172.
[WARNING] Model 'Mask R-CNN + Sam' not recognized. Skipping configuration ID 8173.
[WARNING] Model 'Mask R-CNN + Sam' not recognized. Skipping configuration ID 8174.
[WARNING] Model 'Mask R-CNN + Sam' not recognized. Skipping configuration ID 8175.
[WARNING] Model 'Mask R-CNN + Sam' not recognized. Skipping configuration ID 8176.
[WARNING] Model 'Mask R-CNN + Sam' not recognized. Skipping configuration ID 8177.
[WARNING] Model 'Mask R-CNN + Sam' not recognized. Skipping configuration ID 8178.
[WARNING] Model 'Mask R-CNN + Sam' not recognized. Skipping configuration ID 8179.
[WARNING] Model 'Mask R-CNN + Sam' not recognized. Skipping configuration ID 8180.
[WARNING] Model 'Mask R-CNN + Sam' not recognized. Skipping configuration ID 8181.
[WARNING] Model 'Mask R-CNN + Sam' not recognized. Skipping configuration ID 8182.
[WARNING] Model 'Mask R-CNN + Sam' not recognized. Skipping configuration ID 8183.
[WARNING] Model 'Mask R-CNN + Sam' not recognized. Skipping configuration ID 8184.
[WARNING] Model 'Mask R-CNN + Sam' not recognized. Skipping configuration ID 8185.
[WARNING] Model 'Mask R-CNN + Sam' not recognized. Skipping configuration ID 8186.
[WARNING] Model 'Mask R-CNN + Sam' not recognized. Skipping configuration ID 8187.
[WARNING] Model 'Mask R-CNN + Sam' not recognized. Skipping configuration ID 8188.
[WARNING] Model 'Mask R-CNN + Sam' not recognized. Skipping configuration ID 8189.
[WARNING] Model 'Mask R-CNN + Sam' not recognized. Skipping configuration ID 8190.
[WARNING] Model 'Mask R-CNN + Sam' not recognized. Skipping configuration ID 8191.
[WARNING] Model 'Mask R-CNN + Sam' not recognized. Skipping configuration ID 8192.
[WARNING] Model 'Mask R-CNN + Sam' not recognized. Skipping configuration ID 8193.
[WARNING] Model 'Mask R-CNN + Sam' not recognized. Skipping configuration ID 8194.
[WARNING] Model 'Mask R-CNN + Sam' not recognized. Skipping configuration ID 8195.
[WARNING] Model 'Mask R-CNN + Sam' not recognized. Skipping configuration ID 8196.
[WARNING] Model 'Mask R-CNN + Sam' not recognized. Skipping configuration ID 8197.
[WARNING] Model 'Mask R-CNN + Sam' not recognized. Skipping configuration ID 8198.
[WARNING] Model 'Mask R-CNN + Sam' not recognized. Skipping configuration ID 8199.
[WARNING] Model 'Mask R-CNN + Sam' not recognized. Skipping configuration ID 8200.
[WARNING] Model 'Mask R-CNN + Sam' not recognized. Skipping configuration ID 8201.
[WARNING] Model 'Mask R-CNN + Sam' not recognized. Skipping configuration ID 8202.
[WARNING] Model 'Mask R-CNN + Sam' not recognized. Skipping configuration ID 8203.
[WARNING] Model 'Mask R-CNN + Sam' not recognized. Skipping configuration ID 8204.
[WARNING] Model 'Mask R-CNN + Sam' not recognized. Skipping configuration ID 8205.
[WARNING] Model 'Mask R-CNN + Sam' not recognized. Skipping configuration ID 8206.
[WARNING] Model 'Mask R-CNN + Sam' not recognized. Skipping configuration ID 8207.
[WARNING] Model 'Mask R-CNN + Sam' not recognized. Skipping configuration ID 8208.
[WARNING] Model 'Mask R-CNN + Sam' not recognized. Skipping configuration ID 8209.
[WARNING] Model 'Mask R-CNN + Sam' not recognized. Skipping configuration ID 8210.
[WARNING] Model 'Mask R-CNN + Sam' not recognized. Skipping configuration ID 8211.
[WARNING] Model 'Mask R-CNN + Sam' not recognized. Skipping configuration ID 8212.
[WARNING] Model 'Mask R-CNN + Sam' not recognized. Skipping configuration ID 8213.
[WARNING] Model 'Mask R-CNN + Sam' not recognized. Skipping configuration ID 8214.
[WARNING] Model 'Mask R-CNN + Sam' not recognized. Skipping configuration ID 8215.
[WARNING] Model 'Mask R-CNN + Sam' not recognized. Skipping configuration ID 8216.
[WARNING] Model 'Mask R-CNN + Sam' not recognized. Skipping configuration ID 8217.
[WARNING] Model 'Mask R-CNN + Sam' not recognized. Skipping configuration ID 8218.
[WARNING] Model 'Mask R-CNN + Sam' not recognized. Skipping configuration ID 8219.
[WARNING] Model 'Mask R-CNN + Sam' not recognized. Skipping configuration ID 8220.
[WARNING] Model 'Mask R-CNN + Sam' not recognized. Skipping configuration ID 8221.
[WARNING] Model 'Mask R-CNN + Sam' not recognized. Skipping configuration ID 8222.
[WARNING] Model 'Mask R-CNN + Sam' not recognized. Skipping configuration ID 8223.
[WARNING] Model 'Mask R-CNN + Sam' not recognized. Skipping configuration ID 8224.
[WARNING] Model 'Mask R-CNN + Sam' not recognized. Skipping configuration ID 8225.
[WARNING] Model 'Mask R-CNN + Sam' not recognized. Skipping configuration ID 8226.
[WARNING] Model 'Mask R-CNN + Sam' not recognized. Skipping configuration ID 8227.
[WARNING] Model 'Mask R-CNN + Sam' not recognized. Skipping configuration ID 8228.
[WARNING] Model 'Mask R-CNN + Sam' not recognized. Skipping configuration ID 8229.
[WARNING] Model 'Mask R-CNN + Sam' not recognized. Skipping configuration ID 8230.
[WARNING] Model 'Mask R-CNN + Sam' not recognized. Skipping configuration ID 8231.
[WARNING] Model 'Mask R-CNN + Sam' not recognized. Skipping configuration ID 8232.
[WARNING] Model 'Mask R-CNN + Sam' not recognized. Skipping configuration ID 8233.
[WARNING] Model 'Mask R-CNN + Sam' not recognized. Skipping configuration ID 8234.
[WARNING] Model 'Mask R-CNN + Sam' not recognized. Skipping configuration ID 8235.
[WARNING] Model 'Mask R-CNN + Sam' not recognized. Skipping configuration ID 8236.
[WARNING] Model 'Mask R-CNN + Sam' not recognized. Skipping configuration ID 8237.
[WARNING] Model 'Mask R-CNN + Sam' not recognized. Skipping configuration ID 8238.
[WARNING] Model 'Mask R-CNN + Sam' not recognized. Skipping configuration ID 8239.
[WARNING] Model 'Mask R-CNN + Sam' not recognized. Skipping configuration ID 8240.
[WARNING] Model 'Mask R-CNN + Sam' not recognized. Skipping configuration ID 8241.
[WARNING] Model 'Mask R-CNN + Sam' not recognized. Skipping configuration ID 8242.
[WARNING] Model 'Mask R-CNN + Sam' not recognized. Skipping configuration ID 8243.
[WARNING] Model 'Mask R-CNN + Sam' not recognized. Skipping configuration ID 8244.
[WARNING] Model 'Mask R-CNN + Sam' not recognized. Skipping configuration ID 8245.
[WARNING] Model 'Mask R-CNN + Sam' not recognized. Skipping configuration ID 8246.
[WARNING] Model 'Mask R-CNN + Sam' not recognized. Skipping configuration ID 8247.
[WARNING] Model 'Mask R-CNN + Sam' not recognized. Skipping configuration ID 8248.
[WARNING] Model 'Mask R-CNN + Sam' not recognized. Skipping configuration ID 8249.
[WARNING] Model 'Mask R-CNN + Sam' not recognized. Skipping configuration ID 8250.
[WARNING] Model 'Mask R-CNN + Sam' not recognized. Skipping configuration ID 8251.
[WARNING] Model 'Mask R-CNN + Sam' not recognized. Skipping configuration ID 8252.
[WARNING] Model 'Mask R-CNN + Sam' not recognized. Skipping configuration ID 8253.
[WARNING] Model 'Mask R-CNN + Sam' not recognized. Skipping configuration ID 8254.
[WARNING] Model 'Mask R-CNN + Sam' not recognized. Skipping configuration ID 8255.
[WARNING] Model 'Mask R-CNN + Sam' not recognized. Skipping configuration ID 8256.
[WARNING] Model 'Mask R-CNN + Sam' not recognized. Skipping configuration ID 8257.
[WARNING] Model 'Mask R-CNN + Sam' not recognized. Skipping configuration ID 8258.
[WARNING] Model 'Mask R-CNN + Sam' not recognized. Skipping configuration ID 8259.
[WARNING] Model 'Mask R-CNN + Sam' not recognized. Skipping configuration ID 8260.
[WARNING] Model 'Mask R-CNN + Sam' not recognized. Skipping configuration ID 8261.
[WARNING] Model 'Mask R-CNN + Sam' not recognized. Skipping configuration ID 8262.
[WARNING] Model 'Mask R-CNN + Sam' not recognized. Skipping configuration ID 8263.
[WARNING] Model 'Mask R-CNN + Sam' not recognized. Skipping configuration ID 8264.
