Running job on gpu-5-28
Requested resources:
  - CPUs: 8
  - GPUs: 
  - Memory: 12000
/home/sprice/ICCV25/maskFormerEnv/lib/python3.8/site-packages/segment_anything/build_sam.py:105: FutureWarning: You are using `torch.load` with `weights_only=False` (the current default value), which uses the default pickle module implicitly. It is possible to construct malicious pickle data which will execute arbitrary code during unpickling (See https://github.com/pytorch/pytorch/blob/main/SECURITY.md#untrusted-models for more details). In a future release, the default value for `weights_only` will be flipped to `True`. This limits the functions that could be executed during unpickling. Arbitrary objects will no longer be allowed to be loaded via this mode unless they are explicitly allowlisted by the user via `torch.serialization.add_safe_globals`. We recommend you start setting `weights_only=True` for any use case where you don't have full control of the loaded file. Please open an issue on GitHub for any issues related to this experimental feature.
  state_dict = torch.load(f)
[INFO] Loading SAM model from /home/sprice/ICCV25/modelWeights/sam_vit_l.pth
[WARNING] Model 'Mask R-CNN + Sam' not recognized. Skipping configuration ID 8265.
[WARNING] Model 'Mask R-CNN + Sam' not recognized. Skipping configuration ID 8266.
[WARNING] Model 'Mask R-CNN + Sam' not recognized. Skipping configuration ID 8267.
[WARNING] Model 'Mask R-CNN + Sam' not recognized. Skipping configuration ID 8268.
[WARNING] Model 'Mask R-CNN + Sam' not recognized. Skipping configuration ID 8269.
[WARNING] Model 'Mask R-CNN + Sam' not recognized. Skipping configuration ID 8270.
[WARNING] Model 'Mask R-CNN + Sam' not recognized. Skipping configuration ID 8271.
[WARNING] Model 'Mask R-CNN + Sam' not recognized. Skipping configuration ID 8272.
[WARNING] Model 'Mask R-CNN + Sam' not recognized. Skipping configuration ID 8273.
[WARNING] Model 'Mask R-CNN + Sam' not recognized. Skipping configuration ID 8274.
[WARNING] Model 'Mask R-CNN + Sam' not recognized. Skipping configuration ID 8275.
[WARNING] Model 'Mask R-CNN + Sam' not recognized. Skipping configuration ID 8276.
[WARNING] Model 'Mask R-CNN + Sam' not recognized. Skipping configuration ID 8277.
[WARNING] Model 'Mask R-CNN + Sam' not recognized. Skipping configuration ID 8278.
[WARNING] Model 'Mask R-CNN + Sam' not recognized. Skipping configuration ID 8279.
[WARNING] Model 'Mask R-CNN + Sam' not recognized. Skipping configuration ID 8280.
[WARNING] Model 'Mask R-CNN + Sam' not recognized. Skipping configuration ID 8281.
[WARNING] Model 'Mask R-CNN + Sam' not recognized. Skipping configuration ID 8282.
[WARNING] Model 'Mask R-CNN + Sam' not recognized. Skipping configuration ID 8283.
[WARNING] Model 'Mask R-CNN + Sam' not recognized. Skipping configuration ID 8284.
[WARNING] Model 'Mask R-CNN + Sam' not recognized. Skipping configuration ID 8285.
[WARNING] Model 'Mask R-CNN + Sam' not recognized. Skipping configuration ID 8286.
[WARNING] Model 'Mask R-CNN + Sam' not recognized. Skipping configuration ID 8287.
[WARNING] Model 'Mask R-CNN + Sam' not recognized. Skipping configuration ID 8288.
[WARNING] Model 'Mask R-CNN + Sam' not recognized. Skipping configuration ID 8289.
[WARNING] Model 'Mask R-CNN + Sam' not recognized. Skipping configuration ID 8290.
[WARNING] Model 'Mask R-CNN + Sam' not recognized. Skipping configuration ID 8291.
[WARNING] Model 'Mask R-CNN + Sam' not recognized. Skipping configuration ID 8292.
[WARNING] Model 'Mask R-CNN + Sam' not recognized. Skipping configuration ID 8293.
[WARNING] Model 'Mask R-CNN + Sam' not recognized. Skipping configuration ID 8294.
[WARNING] Model 'Mask R-CNN + Sam' not recognized. Skipping configuration ID 8295.
[WARNING] Model 'Mask R-CNN + Sam' not recognized. Skipping configuration ID 8296.
[WARNING] Model 'Mask R-CNN + Sam' not recognized. Skipping configuration ID 8297.
[WARNING] Model 'Mask R-CNN + Sam' not recognized. Skipping configuration ID 8298.
[WARNING] Model 'Mask R-CNN + Sam' not recognized. Skipping configuration ID 8299.
[WARNING] Model 'Mask R-CNN + Sam' not recognized. Skipping configuration ID 8300.
[WARNING] Model 'Mask R-CNN + Sam' not recognized. Skipping configuration ID 8301.
[WARNING] Model 'Mask R-CNN + Sam' not recognized. Skipping configuration ID 8302.
[WARNING] Model 'Mask R-CNN + Sam' not recognized. Skipping configuration ID 8303.
[WARNING] Model 'Mask R-CNN + Sam' not recognized. Skipping configuration ID 8304.
[WARNING] Model 'Mask R-CNN + Sam' not recognized. Skipping configuration ID 8305.
[WARNING] Model 'Mask R-CNN + Sam' not recognized. Skipping configuration ID 8306.
[WARNING] Model 'Mask R-CNN + Sam' not recognized. Skipping configuration ID 8307.
[WARNING] Model 'Mask R-CNN + Sam' not recognized. Skipping configuration ID 8308.
[WARNING] Model 'Mask R-CNN + Sam' not recognized. Skipping configuration ID 8309.
[WARNING] Model 'Mask R-CNN + Sam' not recognized. Skipping configuration ID 8310.
[WARNING] Model 'Mask R-CNN + Sam' not recognized. Skipping configuration ID 8311.
[WARNING] Model 'Mask R-CNN + Sam' not recognized. Skipping configuration ID 8312.
[WARNING] Model 'Mask R-CNN + Sam' not recognized. Skipping configuration ID 8313.
[WARNING] Model 'Mask R-CNN + Sam' not recognized. Skipping configuration ID 8314.
[WARNING] Model 'Mask R-CNN + Sam' not recognized. Skipping configuration ID 8315.
[WARNING] Model 'Mask R-CNN + Sam' not recognized. Skipping configuration ID 8316.
[WARNING] Model 'Mask R-CNN + Sam' not recognized. Skipping configuration ID 8317.
[WARNING] Model 'Mask R-CNN + Sam' not recognized. Skipping configuration ID 8318.
[WARNING] Model 'Mask R-CNN + Sam' not recognized. Skipping configuration ID 8319.
[WARNING] Model 'Mask R-CNN + Sam' not recognized. Skipping configuration ID 8320.
[WARNING] Model 'Mask R-CNN + Sam' not recognized. Skipping configuration ID 8321.
[WARNING] Model 'Mask R-CNN + Sam' not recognized. Skipping configuration ID 8322.
[WARNING] Model 'Mask R-CNN + Sam' not recognized. Skipping configuration ID 8323.
[WARNING] Model 'Mask R-CNN + Sam' not recognized. Skipping configuration ID 8324.
[WARNING] Model 'Mask R-CNN + Sam' not recognized. Skipping configuration ID 8325.
[WARNING] Model 'Mask R-CNN + Sam' not recognized. Skipping configuration ID 8326.
[WARNING] Model 'Mask R-CNN + Sam' not recognized. Skipping configuration ID 8327.
[WARNING] Model 'Mask R-CNN + Sam' not recognized. Skipping configuration ID 8328.
[WARNING] Model 'Mask R-CNN + Sam' not recognized. Skipping configuration ID 8329.
[WARNING] Model 'Mask R-CNN + Sam' not recognized. Skipping configuration ID 8330.
[WARNING] Model 'Mask R-CNN + Sam' not recognized. Skipping configuration ID 8331.
[WARNING] Model 'Mask R-CNN + Sam' not recognized. Skipping configuration ID 8332.
[WARNING] Model 'Mask R-CNN + Sam' not recognized. Skipping configuration ID 8333.
[WARNING] Model 'Mask R-CNN + Sam' not recognized. Skipping configuration ID 8334.
[WARNING] Model 'Mask R-CNN + Sam' not recognized. Skipping configuration ID 8335.
[WARNING] Model 'Mask R-CNN + Sam' not recognized. Skipping configuration ID 8336.
[WARNING] Model 'Mask R-CNN + Sam' not recognized. Skipping configuration ID 8337.
[WARNING] Model 'Mask R-CNN + Sam' not recognized. Skipping configuration ID 8338.
[WARNING] Model 'Mask R-CNN + Sam' not recognized. Skipping configuration ID 8339.
[WARNING] Model 'Mask R-CNN + Sam' not recognized. Skipping configuration ID 8340.
[WARNING] Model 'Mask R-CNN + Sam' not recognized. Skipping configuration ID 8341.
[WARNING] Model 'Mask R-CNN + Sam' not recognized. Skipping configuration ID 8342.
[WARNING] Model 'Mask R-CNN + Sam' not recognized. Skipping configuration ID 8343.
[WARNING] Model 'Mask R-CNN + Sam' not recognized. Skipping configuration ID 8344.
[WARNING] Model 'Mask R-CNN + Sam' not recognized. Skipping configuration ID 8345.
[WARNING] Model 'Mask R-CNN + Sam' not recognized. Skipping configuration ID 8346.
[WARNING] Model 'Mask R-CNN + Sam' not recognized. Skipping configuration ID 8347.
[WARNING] Model 'Mask R-CNN + Sam' not recognized. Skipping configuration ID 8348.
[WARNING] Model 'Mask R-CNN + Sam' not recognized. Skipping configuration ID 8349.
[WARNING] Model 'Mask R-CNN + Sam' not recognized. Skipping configuration ID 8350.
[WARNING] Model 'Mask R-CNN + Sam' not recognized. Skipping configuration ID 8351.
[WARNING] Model 'Mask R-CNN + Sam' not recognized. Skipping configuration ID 8352.
[WARNING] Model 'Mask R-CNN + Sam' not recognized. Skipping configuration ID 8353.
[WARNING] Model 'Mask R-CNN + Sam' not recognized. Skipping configuration ID 8354.
[WARNING] Model 'Mask R-CNN + Sam' not recognized. Skipping configuration ID 8355.
[WARNING] Model 'Mask R-CNN + Sam' not recognized. Skipping configuration ID 8356.
[WARNING] Model 'Mask R-CNN + Sam' not recognized. Skipping configuration ID 8357.
[WARNING] Model 'Mask R-CNN + Sam' not recognized. Skipping configuration ID 8358.
[WARNING] Model 'Mask R-CNN + Sam' not recognized. Skipping configuration ID 8359.
[WARNING] Model 'Mask R-CNN + Sam' not recognized. Skipping configuration ID 8360.
[WARNING] Model 'Mask R-CNN + Sam' not recognized. Skipping configuration ID 8361.
[WARNING] Model 'Mask R-CNN + Sam' not recognized. Skipping configuration ID 8362.
[WARNING] Model 'Mask R-CNN + Sam' not recognized. Skipping configuration ID 8363.
[WARNING] Model 'Mask R-CNN + Sam' not recognized. Skipping configuration ID 8364.
[WARNING] Model 'Mask R-CNN + Sam' not recognized. Skipping configuration ID 8365.
[WARNING] Model 'Mask R-CNN + Sam' not recognized. Skipping configuration ID 8366.
[WARNING] Model 'Mask R-CNN + Sam' not recognized. Skipping configuration ID 8367.
[WARNING] Model 'Mask R-CNN + Sam' not recognized. Skipping configuration ID 8368.
[WARNING] Model 'Mask R-CNN + Sam' not recognized. Skipping configuration ID 8369.
[WARNING] Model 'Mask R-CNN + Sam' not recognized. Skipping configuration ID 8370.
[WARNING] Model 'Mask R-CNN + Sam' not recognized. Skipping configuration ID 8371.
[WARNING] Model 'Mask R-CNN + Sam' not recognized. Skipping configuration ID 8372.
[WARNING] Model 'Mask R-CNN + Sam' not recognized. Skipping configuration ID 8373.
[WARNING] Model 'Mask R-CNN + Sam' not recognized. Skipping configuration ID 8374.
[WARNING] Model 'Mask R-CNN + Sam' not recognized. Skipping configuration ID 8375.
[WARNING] Model 'Mask R-CNN + Sam' not recognized. Skipping configuration ID 8376.
[WARNING] Model 'Mask R-CNN + Sam' not recognized. Skipping configuration ID 8377.
[WARNING] Model 'Mask R-CNN + Sam' not recognized. Skipping configuration ID 8378.
[WARNING] Model 'Mask R-CNN + Sam' not recognized. Skipping configuration ID 8379.
[WARNING] Model 'Mask R-CNN + Sam' not recognized. Skipping configuration ID 8380.
[WARNING] Model 'Mask R-CNN + Sam' not recognized. Skipping configuration ID 8381.
[WARNING] Model 'Mask R-CNN + Sam' not recognized. Skipping configuration ID 8382.
[WARNING] Model 'Mask R-CNN + Sam' not recognized. Skipping configuration ID 8383.
[WARNING] Model 'Mask R-CNN + Sam' not recognized. Skipping configuration ID 8384.
[WARNING] Model 'Mask R-CNN + Sam' not recognized. Skipping configuration ID 8385.
[WARNING] Model 'Mask R-CNN + Sam' not recognized. Skipping configuration ID 8386.
[WARNING] Model 'Mask R-CNN + Sam' not recognized. Skipping configuration ID 8387.
[WARNING] Model 'Mask R-CNN + Sam' not recognized. Skipping configuration ID 8388.
[WARNING] Model 'Mask R-CNN + Sam' not recognized. Skipping configuration ID 8389.
[WARNING] Model 'Mask R-CNN + Sam' not recognized. Skipping configuration ID 8390.
[WARNING] Model 'Mask R-CNN + Sam' not recognized. Skipping configuration ID 8391.
[WARNING] Model 'Mask R-CNN + Sam' not recognized. Skipping configuration ID 8392.
[WARNING] Model 'Mask R-CNN + Sam' not recognized. Skipping configuration ID 8393.
[WARNING] Model 'Mask R-CNN + Sam' not recognized. Skipping configuration ID 8394.
[WARNING] Model 'Mask R-CNN + Sam' not recognized. Skipping configuration ID 8395.
[WARNING] Model 'Mask R-CNN + Sam' not recognized. Skipping configuration ID 8396.
[WARNING] Model 'Mask R-CNN + Sam' not recognized. Skipping configuration ID 8397.
[WARNING] Model 'Mask R-CNN + Sam' not recognized. Skipping configuration ID 8398.
[WARNING] Model 'Mask R-CNN + Sam' not recognized. Skipping configuration ID 8399.
[WARNING] Model 'Mask R-CNN + Sam' not recognized. Skipping configuration ID 8400.
[WARNING] Model 'Mask R-CNN + Sam' not recognized. Skipping configuration ID 8401.
[WARNING] Model 'Mask R-CNN + Sam' not recognized. Skipping configuration ID 8402.
[WARNING] Model 'Mask R-CNN + Sam' not recognized. Skipping configuration ID 8403.
[WARNING] Model 'Mask R-CNN + Sam' not recognized. Skipping configuration ID 8404.
[WARNING] Model 'Mask R-CNN + Sam' not recognized. Skipping configuration ID 8405.
[WARNING] Model 'Mask R-CNN + Sam' not recognized. Skipping configuration ID 8406.
[WARNING] Model 'Mask R-CNN + Sam' not recognized. Skipping configuration ID 8407.
[WARNING] Model 'Mask R-CNN + Sam' not recognized. Skipping configuration ID 8408.
[WARNING] Model 'Mask R-CNN + Sam' not recognized. Skipping configuration ID 8409.
[WARNING] Model 'Mask R-CNN + Sam' not recognized. Skipping configuration ID 8410.
[WARNING] Model 'Mask R-CNN + Sam' not recognized. Skipping configuration ID 8411.
[WARNING] Model 'Mask R-CNN + Sam' not recognized. Skipping configuration ID 8412.
[WARNING] Model 'Mask R-CNN + Sam' not recognized. Skipping configuration ID 8413.
[WARNING] Model 'Mask R-CNN + Sam' not recognized. Skipping configuration ID 8414.
[WARNING] Model 'Mask R-CNN + Sam' not recognized. Skipping configuration ID 8415.
[WARNING] Model 'Mask R-CNN + Sam' not recognized. Skipping configuration ID 8416.
[WARNING] Model 'Mask R-CNN + Sam' not recognized. Skipping configuration ID 8417.
[WARNING] Model 'Mask R-CNN + Sam' not recognized. Skipping configuration ID 8418.
[WARNING] Model 'Mask R-CNN + Sam' not recognized. Skipping configuration ID 8419.
[WARNING] Model 'Mask R-CNN + Sam' not recognized. Skipping configuration ID 8420.
[WARNING] Model 'Mask R-CNN + Sam' not recognized. Skipping configuration ID 8421.
[WARNING] Model 'Mask R-CNN + Sam' not recognized. Skipping configuration ID 8422.
[WARNING] Model 'Mask R-CNN + Sam' not recognized. Skipping configuration ID 8423.
[WARNING] Model 'Mask R-CNN + Sam' not recognized. Skipping configuration ID 8424.
[WARNING] Model 'Mask R-CNN + Sam' not recognized. Skipping configuration ID 8425.
[WARNING] Model 'Mask R-CNN + Sam' not recognized. Skipping configuration ID 8426.
[WARNING] Model 'Mask R-CNN + Sam' not recognized. Skipping configuration ID 8427.
[WARNING] Model 'Mask R-CNN + Sam' not recognized. Skipping configuration ID 8428.
[WARNING] Model 'Mask R-CNN + Sam' not recognized. Skipping configuration ID 8429.
[WARNING] Model 'Mask R-CNN + Sam' not recognized. Skipping configuration ID 8430.
[WARNING] Model 'Mask R-CNN + Sam' not recognized. Skipping configuration ID 8431.
[WARNING] Model 'Mask R-CNN + Sam' not recognized. Skipping configuration ID 8432.
[WARNING] Model 'Mask R-CNN + Sam' not recognized. Skipping configuration ID 8433.
[WARNING] Model 'Mask R-CNN + Sam' not recognized. Skipping configuration ID 8434.
[WARNING] Model 'Mask R-CNN + Sam' not recognized. Skipping configuration ID 8435.
[WARNING] Model 'Mask R-CNN + Sam' not recognized. Skipping configuration ID 8436.
[WARNING] Model 'Mask R-CNN + Sam' not recognized. Skipping configuration ID 8437.
[WARNING] Model 'Mask R-CNN + Sam' not recognized. Skipping configuration ID 8438.
[WARNING] Model 'Mask R-CNN + Sam' not recognized. Skipping configuration ID 8439.
[WARNING] Model 'Mask R-CNN + Sam' not recognized. Skipping configuration ID 8440.
[WARNING] Model 'Mask R-CNN + Sam' not recognized. Skipping configuration ID 8441.
[WARNING] Model 'Mask R-CNN + Sam' not recognized. Skipping configuration ID 8442.
[WARNING] Model 'Mask R-CNN + Sam' not recognized. Skipping configuration ID 8443.
[WARNING] Model 'Mask R-CNN + Sam' not recognized. Skipping configuration ID 8444.
[WARNING] Model 'Mask R-CNN + Sam' not recognized. Skipping configuration ID 8445.
[WARNING] Model 'Mask R-CNN + Sam' not recognized. Skipping configuration ID 8446.
[WARNING] Model 'Mask R-CNN + Sam' not recognized. Skipping configuration ID 8447.
[WARNING] Model 'Mask R-CNN + Sam' not recognized. Skipping configuration ID 8448.
[WARNING] Model 'Mask R-CNN + Sam' not recognized. Skipping configuration ID 8449.
[WARNING] Model 'Mask R-CNN + Sam' not recognized. Skipping configuration ID 8450.
[WARNING] Model 'Mask R-CNN + Sam' not recognized. Skipping configuration ID 8451.
[WARNING] Model 'Mask R-CNN + Sam' not recognized. Skipping configuration ID 8452.
[WARNING] Model 'Mask R-CNN + Sam' not recognized. Skipping configuration ID 8453.
[WARNING] Model 'Mask R-CNN + Sam' not recognized. Skipping configuration ID 8454.
[WARNING] Model 'Mask R-CNN + Sam' not recognized. Skipping configuration ID 8455.
[WARNING] Model 'Mask R-CNN + Sam' not recognized. Skipping configuration ID 8456.
[WARNING] Model 'Mask R-CNN + Sam' not recognized. Skipping configuration ID 8457.
[WARNING] Model 'Mask R-CNN + Sam' not recognized. Skipping configuration ID 8458.
[WARNING] Model 'Mask R-CNN + Sam' not recognized. Skipping configuration ID 8459.
[WARNING] Model 'Mask R-CNN + Sam' not recognized. Skipping configuration ID 8460.
[WARNING] Model 'Mask R-CNN + Sam' not recognized. Skipping configuration ID 8461.
[WARNING] Model 'Mask R-CNN + Sam' not recognized. Skipping configuration ID 8462.
[WARNING] Model 'Mask R-CNN + Sam' not recognized. Skipping configuration ID 8463.
[WARNING] Model 'Mask R-CNN + Sam' not recognized. Skipping configuration ID 8464.
