Running job on gpu-5-23
Requested resources:
  - CPUs: 8
  - GPUs: 
  - Memory: 16000
/home/sprice/ICCV25/samEnv/lib/python3.8/site-packages/mmcv/__init__.py:20: UserWarning: On January 1, 2023, MMCV will release v2.0.0, in which it will remove components related to the training process and add a data transformation module. In addition, it will rename the package names mmcv to mmcv-lite and mmcv-full to mmcv. See https://github.com/open-mmlab/mmcv/blob/master/docs/en/compatibility.md for more details.
  warnings.warn(
[INFO] Loading SAM model from /home/sprice/ICCV25/modelWeights/sam_vit_l.pth
Selecting Points from perimeter
7
Hill Climbing
Selecting Points from perimeter
7
Hill Climbing
Selecting Points from perimeter
7
Hill Climbing
Selecting Points from perimeter
7
Hill Climbing
Selecting Points from perimeter
7
Hill Climbing
Selecting Points from perimeter
7
Hill Climbing
Selecting Points from perimeter
7
Hill Climbing
Selecting Points from perimeter
7
Hill Climbing
Selecting Points from perimeter
7
Hill Climbing
Selecting Points from perimeter
7
Hill Climbing
Selecting Points from perimeter
7
Hill Climbing
loading annotations into memory...
Done (t=0.00s)
creating index...
index created!
Loading and preparing results...
DONE (t=0.00s)
creating index...
index created!
loading annotations into memory...
Done (t=0.00s)
creating index...
index created!
Loading and preparing results...
DONE (t=0.00s)
creating index...
index created!
loading annotations into memory...
Done (t=0.00s)
creating index...
index created!
Loading and preparing results...
DONE (t=0.00s)
creating index...
index created!
loading annotations into memory...
Done (t=0.00s)
creating index...
index created!
Loading and preparing results...
DONE (t=0.00s)
creating index...
index created!
Selecting Points from perimeter
7
Hill Climbing
Selecting Points from perimeter
7
Hill Climbing
Selecting Points from perimeter
7
Hill Climbing
Selecting Points from perimeter
7
Hill Climbing
Selecting Points from perimeter
7
Hill Climbing
Selecting Points from perimeter
7
Hill Climbing
Selecting Points from perimeter
7
Hill Climbing
Selecting Points from perimeter
7
Hill Climbing
Selecting Points from perimeter
7
Hill Climbing
Selecting Points from perimeter
7
Hill Climbing
Selecting Points from perimeter
7
Hill Climbing
Selecting Points from perimeter
7
Hill Climbing
Selecting Points from perimeter
7
Hill Climbing
Selecting Points from perimeter
7
Hill Climbing
Selecting Points from perimeter
7
Hill Climbing
Selecting Points from perimeter
7
Hill Climbing
Selecting Points from perimeter
7
Hill Climbing
Selecting Points from perimeter
7
Hill Climbing
Selecting Points from perimeter
7
Hill Climbing
Selecting Points from perimeter
7
Hill Climbing
Selecting Points from perimeter
7
Hill Climbing
Selecting Points from perimeter
7
Hill Climbing
Selecting Points from perimeter
7
Hill Climbing
Selecting Points from perimeter
7
Hill Climbing
Selecting Points from perimeter
7
Hill Climbing
Selecting Points from perimeter
7
Hill Climbing
Selecting Points from perimeter
7
Hill Climbing
Selecting Points from perimeter
7
Hill Climbing
Selecting Points from perimeter
7
Hill Climbing
Selecting Points from perimeter
7
Hill Climbing
Selecting Points from perimeter
7
Hill Climbing
Selecting Points from perimeter
7
Hill Climbing
Selecting Points from perimeter
7
Hill Climbing
Selecting Points from perimeter
7
Hill Climbing
Selecting Points from perimeter
7
Hill Climbing
Selecting Points from perimeter
7
Hill Climbing
Selecting Points from perimeter
7
Hill Climbing
Selecting Points from perimeter
7
Hill Climbing
Selecting Points from perimeter
7
Hill Climbing
Selecting Points from perimeter
7
Hill Climbing
Selecting Points from perimeter
7
Hill Climbing
Selecting Points from perimeter
7
Hill Climbing
Selecting Points from perimeter
7
Hill Climbing
Selecting Points from perimeter
7
Hill Climbing
Selecting Points from perimeter
7
Hill Climbing
Selecting Points from perimeter
7
Hill Climbing
Selecting Points from perimeter
7
Hill Climbing
Selecting Points from perimeter
7
Hill Climbing
Selecting Points from perimeter
7
Hill Climbing
Selecting Points from perimeter
7
Hill Climbing
Selecting Points from perimeter
7
Hill Climbing
Selecting Points from perimeter
7
Hill Climbing
Selecting Points from perimeter
7
Hill Climbing
Selecting Points from perimeter
7
Hill Climbing
Selecting Points from perimeter
7
Hill Climbing
Selecting Points from perimeter
7
Hill Climbing
Selecting Points from perimeter
7
Hill Climbing
Selecting Points from perimeter
7
Hill Climbing
Selecting Points from perimeter
7
Hill Climbing
Selecting Points from perimeter
7
Hill Climbing
Selecting Points from perimeter
7
Hill Climbing
Selecting Points from perimeter
7
Hill Climbing
Selecting Points from perimeter
7
Hill Climbing
Selecting Points from perimeter
7
Hill Climbing
Selecting Points from perimeter
7
Hill Climbing
Selecting Points from perimeter
7
Hill Climbing
Selecting Points from perimeter
7
Hill Climbing
Selecting Points from perimeter
7
Hill Climbing
Selecting Points from perimeter
7
Hill Climbing
Selecting Points from perimeter
7
Hill Climbing
Selecting Points from perimeter
7
Hill Climbing
Selecting Points from perimeter
7
Hill Climbing
Selecting Points from perimeter
7
Hill Climbing
Skipping Mask Because Area (3) Smaller than number of points^2 (49)
Selecting Points from perimeter
7
Hill Climbing
Selecting Points from perimeter
7
Hill Climbing
Selecting Points from perimeter
7
Hill Climbing
Selecting Points from perimeter
7
Hill Climbing
Selecting Points from perimeter
7
Hill Climbing
Selecting Points from perimeter
7
Hill Climbing
Selecting Points from perimeter
7
Hill Climbing
Selecting Points from perimeter
7
Hill Climbing
Selecting Points from perimeter
7
Hill Climbing
Selecting Points from perimeter
7
Hill Climbing
Selecting Points from perimeter
7
Hill Climbing
Selecting Points from perimeter
7
Hill Climbing
loading annotations into memory...
Done (t=0.00s)
creating index...
index created!
Loading and preparing results...
DONE (t=0.00s)
creating index...
index created!
loading annotations into memory...
Done (t=0.00s)
creating index...
index created!
Loading and preparing results...
DONE (t=0.00s)
creating index...
index created!
loading annotations into memory...
Done (t=0.00s)
creating index...
index created!
Loading and preparing results...
DONE (t=0.00s)
creating index...
index created!
loading annotations into memory...
Done (t=0.00s)
creating index...
index created!
Loading and preparing results...
DONE (t=0.00s)
creating index...
index created!
Selecting Points from perimeter
7
Hill Climbing
Selecting Points from perimeter
7
Hill Climbing
Selecting Points from perimeter
7
Hill Climbing
Selecting Points from perimeter
7
Hill Climbing
Selecting Points from perimeter
7
Hill Climbing
Selecting Points from perimeter
7
Hill Climbing
Selecting Points from perimeter
7
Hill Climbing
Selecting Points from perimeter
7
Hill Climbing
Selecting Points from perimeter
7
Hill Climbing
Selecting Points from perimeter
7
Hill Climbing
Selecting Points from perimeter
7
Hill Climbing
Selecting Points from perimeter
7
Hill Climbing
Selecting Points from perimeter
7
Hill Climbing
Selecting Points from perimeter
7
Hill Climbing
Selecting Points from perimeter
7
Hill Climbing
Selecting Points from perimeter
7
Hill Climbing
Selecting Points from perimeter
7
Hill Climbing
Selecting Points from perimeter
7
Hill Climbing
Selecting Points from perimeter
7
Hill Climbing
Selecting Points from perimeter
7
Hill Climbing
Selecting Points from perimeter
7
Hill Climbing
Selecting Points from perimeter
7
Hill Climbing
Selecting Points from perimeter
7
Hill Climbing
Selecting Points from perimeter
7
Hill Climbing
Selecting Points from perimeter
7
Hill Climbing
Selecting Points from perimeter
7
Hill Climbing
Selecting Points from perimeter
7
Hill Climbing
Selecting Points from perimeter
7
Hill Climbing
Selecting Points from perimeter
7
Hill Climbing
Selecting Points from perimeter
7
Hill Climbing
Selecting Points from perimeter
7
Hill Climbing
Selecting Points from perimeter
7
Hill Climbing
Selecting Points from perimeter
7
Hill Climbing
Selecting Points from perimeter
7
Hill Climbing
Selecting Points from perimeter
7
Hill Climbing
Selecting Points from perimeter
7
Hill Climbing
Selecting Points from perimeter
7
Hill Climbing
Selecting Points from perimeter
7
Hill Climbing
Selecting Points from perimeter
7
Hill Climbing
Selecting Points from perimeter
7
Hill Climbing
Selecting Points from perimeter
7
Hill Climbing
Selecting Points from perimeter
7
Hill Climbing
Selecting Points from perimeter
7
Hill Climbing
Selecting Points from perimeter
7
Hill Climbing
Selecting Points from perimeter
7
Hill Climbing
Selecting Points from perimeter
7
Hill Climbing
Selecting Points from perimeter
7
Hill Climbing
Selecting Points from perimeter
7
Hill Climbing
Selecting Points from perimeter
7
Hill Climbing
Selecting Points from perimeter
7
Hill Climbing
Selecting Points from perimeter
7
Hill Climbing
Selecting Points from perimeter
7
Hill Climbing
Selecting Points from perimeter
7
Hill Climbing
Selecting Points from perimeter
7
Hill Climbing
Selecting Points from perimeter
7
Hill Climbing
Selecting Points from perimeter
7
Hill Climbing
Selecting Points from perimeter
7
Hill Climbing
Selecting Points from perimeter
7
Hill Climbing
Selecting Points from perimeter
7
Hill Climbing
Selecting Points from perimeter
7
Hill Climbing
Selecting Points from perimeter
7
Hill Climbing
Selecting Points from perimeter
7
Hill Climbing
Selecting Points from perimeter
7
Hill Climbing
Selecting Points from perimeter
7
Hill Climbing
Selecting Points from perimeter
7
Hill Climbing
Selecting Points from perimeter
7
Hill Climbing
Selecting Points from perimeter
7
Hill Climbing
Selecting Points from perimeter
7
Hill Climbing
Selecting Points from perimeter
7
Hill Climbing
Selecting Points from perimeter
7
Hill Climbing
Selecting Points from perimeter
7
Hill Climbing
Selecting Points from perimeter
7
Hill Climbing
Selecting Points from perimeter
7
Hill Climbing
Selecting Points from perimeter
7
Hill Climbing
Selecting Points from perimeter
7
Hill Climbing
Selecting Points from perimeter
7
Hill Climbing
Selecting Points from perimeter
7
Hill Climbing
loading annotations into memory...
Done (t=0.00s)
creating index...
index created!
Loading and preparing results...
DONE (t=0.00s)
creating index...
index created!
loading annotations into memory...
Done (t=0.00s)
creating index...
index created!
Loading and preparing results...
DONE (t=0.00s)
creating index...
index created!
loading annotations into memory...
Done (t=0.00s)
creating index...
index created!
Loading and preparing results...
DONE (t=0.00s)
creating index...
index created!
loading annotations into memory...
Done (t=0.00s)
creating index...
index created!
Loading and preparing results...
DONE (t=0.00s)
creating index...
index created!
Selecting Points from perimeter
7
Hill Climbing
Selecting Points from perimeter
7
Hill Climbing
Selecting Points from perimeter
7
Hill Climbing
Selecting Points from perimeter
7
Hill Climbing
Selecting Points from perimeter
7
Hill Climbing
Selecting Points from perimeter
7
Hill Climbing
Selecting Points from perimeter
7
Hill Climbing
Selecting Points from perimeter
7
Hill Climbing
Selecting Points from perimeter
7
Hill Climbing
Selecting Points from perimeter
7
Hill Climbing
Selecting Points from perimeter
7
Hill Climbing
Selecting Points from perimeter
7
Hill Climbing
Selecting Points from perimeter
7
Hill Climbing
Selecting Points from perimeter
7
Hill Climbing
Selecting Points from perimeter
7
Hill Climbing
Error selecting points: Sample larger than population or is negative
Mask sum: 1663
Selecting Points from perimeter
7
Hill Climbing
Selecting Points from perimeter
7
Hill Climbing
loading annotations into memory...
Done (t=0.00s)
creating index...
index created!
Loading and preparing results...
DONE (t=0.00s)
creating index...
index created!
loading annotations into memory...
Done (t=0.00s)
creating index...
index created!
Loading and preparing results...
DONE (t=0.00s)
creating index...
index created!
loading annotations into memory...
[ERROR] Failed to evaluate metrics for image 'HP743_5S_500x_png.rf.9ff406796462449f85c2039537f32d6f.jpg': Extra data: line 1 column 8628 (char 8627)
Selecting Points from perimeter
7
Hill Climbing
Selecting Points from perimeter
7
Hill Climbing
Selecting Points from perimeter
7
Hill Climbing
Error selecting points: Sample larger than population or is negative
Mask sum: 12498
Selecting Points from perimeter
7
Hill Climbing
Selecting Points from perimeter
7
Hill Climbing
Error selecting points: Sample larger than population or is negative
Mask sum: 5299
Selecting Points from perimeter
7
Hill Climbing
Selecting Points from perimeter
7
Hill Climbing
Selecting Points from perimeter
7
Hill Climbing
Selecting Points from perimeter
7
Hill Climbing
Selecting Points from perimeter
7
Hill Climbing
Selecting Points from perimeter
7
Hill Climbing
Selecting Points from perimeter
7
Hill Climbing
Selecting Points from perimeter
7
Hill Climbing
Selecting Points from perimeter
7
Hill Climbing
Error selecting points: Sample larger than population or is negative
Mask sum: 7246
Selecting Points from perimeter
7
Hill Climbing
Error selecting points: Sample larger than population or is negative
Mask sum: 6777
Selecting Points from perimeter
7
Hill Climbing
Selecting Points from perimeter
7
Hill Climbing
Selecting Points from perimeter
7
Hill Climbing
Selecting Points from perimeter
7
Hill Climbing
Error selecting points: Sample larger than population or is negative
Mask sum: 6656
Selecting Points from perimeter
7
Hill Climbing
Error selecting points: Sample larger than population or is negative
Mask sum: 7383
Selecting Points from perimeter
7
Hill Climbing
Selecting Points from perimeter
7
Hill Climbing
Error selecting points: Sample larger than population or is negative
Mask sum: 7727
Selecting Points from perimeter
7
Hill Climbing
Error selecting points: Sample larger than population or is negative
Mask sum: 9147
Selecting Points from perimeter
7
Hill Climbing
Selecting Points from perimeter
7
Hill Climbing
Error selecting points: Sample larger than population or is negative
Mask sum: 8555
Selecting Points from perimeter
7
Hill Climbing
Selecting Points from perimeter
7
Hill Climbing
Selecting Points from perimeter
7
Hill Climbing
Selecting Points from perimeter
7
Hill Climbing
Selecting Points from perimeter
7
Hill Climbing
Selecting Points from perimeter
7
Hill Climbing
Selecting Points from perimeter
7
Hill Climbing
Selecting Points from perimeter
7
Hill Climbing
Selecting Points from perimeter
7
Hill Climbing
Selecting Points from perimeter
7
Hill Climbing
Selecting Points from perimeter
7
Hill Climbing
Selecting Points from perimeter
7
Hill Climbing
Error selecting points: Sample larger than population or is negative
Mask sum: 2327
Selecting Points from perimeter
7
Hill Climbing
Selecting Points from perimeter
7
Hill Climbing
Selecting Points from perimeter
7
Hill Climbing
Error selecting points: Sample larger than population or is negative
Mask sum: 7404
Selecting Points from perimeter
7
Hill Climbing
Selecting Points from perimeter
7
Hill Climbing
Error selecting points: Sample larger than population or is negative
Mask sum: 6373
Selecting Points from perimeter
7
Hill Climbing
Selecting Points from perimeter
7
Hill Climbing
Selecting Points from perimeter
7
Hill Climbing
Selecting Points from perimeter
7
Hill Climbing
Error selecting points: Sample larger than population or is negative
Mask sum: 17429
Selecting Points from perimeter
7
Hill Climbing
Selecting Points from perimeter
7
Hill Climbing
Selecting Points from perimeter
7
Hill Climbing
Error selecting points: Sample larger than population or is negative
Mask sum: 3812
Selecting Points from perimeter
7
Hill Climbing
Selecting Points from perimeter
7
Hill Climbing
Selecting Points from perimeter
7
Hill Climbing
Selecting Points from perimeter
7
Hill Climbing
Selecting Points from perimeter
7
Hill Climbing
Error selecting points: Sample larger than population or is negative
Mask sum: 1360
Selecting Points from perimeter
7
Hill Climbing
Selecting Points from perimeter
7
Hill Climbing
Selecting Points from perimeter
7
Hill Climbing
Error selecting points: Sample larger than population or is negative
Mask sum: 4652
Selecting Points from perimeter
7
Hill Climbing
Error selecting points: Sample larger than population or is negative
Mask sum: 1324
Selecting Points from perimeter
7
Hill Climbing
Selecting Points from perimeter
7
Hill Climbing
Error selecting points: Sample larger than population or is negative
Mask sum: 3577
Selecting Points from perimeter
7
Hill Climbing
Selecting Points from perimeter
7
Hill Climbing
Selecting Points from perimeter
7
Hill Climbing
Selecting Points from perimeter
7
Hill Climbing
Selecting Points from perimeter
7
Hill Climbing
Selecting Points from perimeter
7
Hill Climbing
Selecting Points from perimeter
7
Hill Climbing
Error selecting points: Sample larger than population or is negative
Mask sum: 6041
Selecting Points from perimeter
7
Hill Climbing
Selecting Points from perimeter
7
Hill Climbing
Selecting Points from perimeter
7
Hill Climbing
Selecting Points from perimeter
7
Hill Climbing
Selecting Points from perimeter
7
Hill Climbing
Selecting Points from perimeter
7
Hill Climbing
Selecting Points from perimeter
7
Hill Climbing
Selecting Points from perimeter
7
Hill Climbing
Error selecting points: Sample larger than population or is negative
Mask sum: 2363
Selecting Points from perimeter
7
Hill Climbing
Selecting Points from perimeter
7
Hill Climbing
Selecting Points from perimeter
7
Hill Climbing
Selecting Points from perimeter
7
Hill Climbing
Selecting Points from perimeter
7
Hill Climbing
Selecting Points from perimeter
7
Hill Climbing
Error selecting points: Sample larger than population or is negative
Mask sum: 1832
Selecting Points from perimeter
7
Hill Climbing
Selecting Points from perimeter
7
Hill Climbing
Selecting Points from perimeter
7
Hill Climbing
Selecting Points from perimeter
7
Hill Climbing
Error selecting points: Sample larger than population or is negative
Mask sum: 1623
Selecting Points from perimeter
7
Hill Climbing
Selecting Points from perimeter
7
Hill Climbing
Selecting Points from perimeter
7
Hill Climbing
Selecting Points from perimeter
7
Hill Climbing
Selecting Points from perimeter
7
Hill Climbing
Selecting Points from perimeter
7
Hill Climbing
Selecting Points from perimeter
7
Hill Climbing
Selecting Points from perimeter
7
Hill Climbing
Selecting Points from perimeter
7
Hill Climbing
Selecting Points from perimeter
7
Hill Climbing
Error selecting points: Sample larger than population or is negative
Mask sum: 2175
Selecting Points from perimeter
7
Hill Climbing
Selecting Points from perimeter
7
Hill Climbing
Selecting Points from perimeter
7
Hill Climbing
Error selecting points: Sample larger than population or is negative
Mask sum: 1250
Selecting Points from perimeter
7
Hill Climbing
Selecting Points from perimeter
7
Hill Climbing
loading annotations into memory...
Done (t=0.00s)
creating index...
index created!
Loading and preparing results...
DONE (t=0.00s)
creating index...
index created!
loading annotations into memory...
Done (t=0.00s)
creating index...
index created!
Loading and preparing results...
DONE (t=0.00s)
creating index...
index created!
loading annotations into memory...
Done (t=0.00s)
creating index...
index created!
Loading and preparing results...
DONE (t=0.00s)
creating index...
index created!
loading annotations into memory...
Done (t=0.00s)
creating index...
index created!
Loading and preparing results...
DONE (t=0.00s)
creating index...
index created!
Selecting Points from perimeter
7
Hill Climbing
Selecting Points from perimeter
7
Hill Climbing
Selecting Points from perimeter
7
Hill Climbing
Selecting Points from perimeter
7
Hill Climbing
Selecting Points from perimeter
7
Hill Climbing
Selecting Points from perimeter
7
Hill Climbing
Selecting Points from perimeter
7
Hill Climbing
Selecting Points from perimeter
7
Hill Climbing
Selecting Points from perimeter
7
Hill Climbing
Selecting Points from perimeter
7
Hill Climbing
Selecting Points from perimeter
7
Hill Climbing
Selecting Points from perimeter
7
Hill Climbing
Selecting Points from perimeter
7
Hill Climbing
Selecting Points from perimeter
7
Hill Climbing
Selecting Points from perimeter
7
Hill Climbing
Selecting Points from perimeter
7
Hill Climbing
Selecting Points from perimeter
7
Hill Climbing
Selecting Points from perimeter
7
Hill Climbing
Selecting Points from perimeter
7
Hill Climbing
Selecting Points from perimeter
7
Hill Climbing
Selecting Points from perimeter
7
Hill Climbing
Selecting Points from perimeter
7
Hill Climbing
Selecting Points from perimeter
7
Hill Climbing
Selecting Points from perimeter
7
Hill Climbing
Selecting Points from perimeter
7
Hill Climbing
Selecting Points from perimeter
7
Hill Climbing
Selecting Points from perimeter
7
Hill Climbing
Selecting Points from perimeter
7
Hill Climbing
Selecting Points from perimeter
7
Hill Climbing
Selecting Points from perimeter
7
Hill Climbing
Error selecting points: Sample larger than population or is negative
Mask sum: 2252
Selecting Points from perimeter
7
Hill Climbing
loading annotations into memory...
Done (t=0.00s)
creating index...
index created!
Loading and preparing results...
DONE (t=0.00s)
creating index...
index created!
loading annotations into memory...
Done (t=0.00s)
creating index...
index created!
Loading and preparing results...
DONE (t=0.00s)
creating index...
index created!
loading annotations into memory...
Done (t=0.00s)
creating index...
index created!
Loading and preparing results...
DONE (t=0.00s)
creating index...
index created!
loading annotations into memory...
Done (t=0.00s)
creating index...
index created!
Loading and preparing results...
DONE (t=0.00s)
creating index...
index created!
Selecting Points from perimeter
7
Hill Climbing
Selecting Points from perimeter
7
Hill Climbing
Error selecting points: Sample larger than population or is negative
Mask sum: 88203
Selecting Points from perimeter
7
Hill Climbing
Selecting Points from perimeter
7
Hill Climbing
Selecting Points from perimeter
7
Hill Climbing
Selecting Points from perimeter
7
Hill Climbing
Selecting Points from perimeter
7
Hill Climbing
Error selecting points: Sample larger than population or is negative
Mask sum: 76290
Selecting Points from perimeter
7
Hill Climbing
Selecting Points from perimeter
7
Hill Climbing
Selecting Points from perimeter
7
Hill Climbing
Selecting Points from perimeter
7
Hill Climbing
Selecting Points from perimeter
7
Hill Climbing
Selecting Points from perimeter
7
Hill Climbing
loading annotations into memory...
Done (t=0.00s)
creating index...
index created!
Loading and preparing results...
DONE (t=0.00s)
creating index...
index created!
loading annotations into memory...
Done (t=0.00s)
creating index...
index created!
Loading and preparing results...
DONE (t=0.00s)
creating index...
index created!
loading annotations into memory...
Done (t=0.00s)
creating index...
index created!
Loading and preparing results...
DONE (t=0.00s)
creating index...
index created!
loading annotations into memory...
Done (t=0.00s)
creating index...
index created!
Loading and preparing results...
DONE (t=0.00s)
creating index...
index created!
Selecting Points from perimeter
7
Hill Climbing
Selecting Points from perimeter
7
Hill Climbing
Selecting Points from perimeter
7
Hill Climbing
Selecting Points from perimeter
7
Hill Climbing
Selecting Points from perimeter
7
Hill Climbing
Selecting Points from perimeter
7
Hill Climbing
Selecting Points from perimeter
7
Hill Climbing
Selecting Points from perimeter
7
Hill Climbing
Selecting Points from perimeter
7
Hill Climbing
Selecting Points from perimeter
7
Hill Climbing
Error selecting points: Sample larger than population or is negative
Mask sum: 5680
Selecting Points from perimeter
7
Hill Climbing
Selecting Points from perimeter
7
Hill Climbing
Selecting Points from perimeter
7
Hill Climbing
Selecting Points from perimeter
7
Hill Climbing
Error selecting points: Sample larger than population or is negative
Mask sum: 5398
Selecting Points from perimeter
7
Hill Climbing
Selecting Points from perimeter
7
Hill Climbing
Selecting Points from perimeter
7
Hill Climbing
Error selecting points: Sample larger than population or is negative
Mask sum: 3010
Selecting Points from perimeter
7
Hill Climbing
Selecting Points from perimeter
7
Hill Climbing
Selecting Points from perimeter
7
Hill Climbing
Selecting Points from perimeter
7
Hill Climbing
Selecting Points from perimeter
7
Hill Climbing
Selecting Points from perimeter
7
Hill Climbing
Selecting Points from perimeter
7
Hill Climbing
Selecting Points from perimeter
7
Hill Climbing
Selecting Points from perimeter
7
Hill Climbing
Selecting Points from perimeter
7
Hill Climbing
Selecting Points from perimeter
7
Hill Climbing
Selecting Points from perimeter
7
Hill Climbing
Selecting Points from perimeter
7
Hill Climbing
Selecting Points from perimeter
7
Hill Climbing
Selecting Points from perimeter
7
Hill Climbing
Selecting Points from perimeter
7
Hill Climbing
Selecting Points from perimeter
7
Hill Climbing
Selecting Points from perimeter
7
Hill Climbing
Selecting Points from perimeter
7
Hill Climbing
Selecting Points from perimeter
7
Hill Climbing
Selecting Points from perimeter
7
Hill Climbing
Selecting Points from perimeter
7
Hill Climbing
Selecting Points from perimeter
7
Hill Climbing
Selecting Points from perimeter
7
Hill Climbing
Selecting Points from perimeter
7
Hill Climbing
Selecting Points from perimeter
7
Hill Climbing
Selecting Points from perimeter
7
Hill Climbing
Selecting Points from perimeter
7
Hill Climbing
Selecting Points from perimeter
7
Hill Climbing
Selecting Points from perimeter
7
Hill Climbing
Selecting Points from perimeter
7
Hill Climbing
Selecting Points from perimeter
7
Hill Climbing
Selecting Points from perimeter
7
Hill Climbing
Selecting Points from perimeter
7
Hill Climbing
Selecting Points from perimeter
7
Hill Climbing
Selecting Points from perimeter
7
Hill Climbing
Selecting Points from perimeter
7
Hill Climbing
Selecting Points from perimeter
7
Hill Climbing
Selecting Points from perimeter
7
Hill Climbing
Selecting Points from perimeter
7
Hill Climbing
Selecting Points from perimeter
7
Hill Climbing
Selecting Points from perimeter
7
Hill Climbing
Selecting Points from perimeter
7
Hill Climbing
Selecting Points from perimeter
7
Hill Climbing
Selecting Points from perimeter
7
Hill Climbing
Selecting Points from perimeter
7
Hill Climbing
Selecting Points from perimeter
7
Hill Climbing
Selecting Points from perimeter
7
Hill Climbing
Selecting Points from perimeter
7
Hill Climbing
Selecting Points from perimeter
7
Hill Climbing
Selecting Points from perimeter
7
Hill Climbing
Selecting Points from perimeter
7
Hill Climbing
Selecting Points from perimeter
7
Hill Climbing
Selecting Points from perimeter
7
Hill Climbing
Selecting Points from perimeter
7
Hill Climbing
Selecting Points from perimeter
7
Hill Climbing
Selecting Points from perimeter
7
Hill Climbing
Selecting Points from perimeter
7
Hill Climbing
Selecting Points from perimeter
7
Hill Climbing
Selecting Points from perimeter
7
Hill Climbing
Selecting Points from perimeter
7
Hill Climbing
Selecting Points from perimeter
7
Hill Climbing
Selecting Points from perimeter
7
Hill Climbing
Selecting Points from perimeter
7
Hill Climbing
Selecting Points from perimeter
7
Hill Climbing
Selecting Points from perimeter
7
Hill Climbing
Selecting Points from perimeter
7
Hill Climbing
Selecting Points from perimeter
7
Hill Climbing
Selecting Points from perimeter
7
Hill Climbing
Selecting Points from perimeter
7
Hill Climbing
Selecting Points from perimeter
7
Hill Climbing
Selecting Points from perimeter
7
Hill Climbing
Selecting Points from perimeter
7
Hill Climbing
Selecting Points from perimeter
7
Hill Climbing
Selecting Points from perimeter
7
Hill Climbing
Selecting Points from perimeter
7
Hill Climbing
loading annotations into memory...
Done (t=0.00s)
creating index...
index created!
Loading and preparing results...
DONE (t=0.00s)
creating index...
index created!
loading annotations into memory...
Done (t=0.00s)
creating index...
index created!
Loading and preparing results...
DONE (t=0.00s)
creating index...
index created!
loading annotations into memory...
Done (t=0.00s)
creating index...
index created!
Loading and preparing results...
DONE (t=0.00s)
creating index...
index created!
loading annotations into memory...
Done (t=0.00s)
creating index...
index created!
Loading and preparing results...
DONE (t=0.00s)
creating index...
index created!
Selecting Points from perimeter
7
Hill Climbing
Selecting Points from perimeter
7
Hill Climbing
Selecting Points from perimeter
7
Hill Climbing
Selecting Points from perimeter
7
Hill Climbing
Selecting Points from perimeter
7
Hill Climbing
Selecting Points from perimeter
7
Hill Climbing
Selecting Points from perimeter
7
Hill Climbing
Selecting Points from perimeter
7
Hill Climbing
Selecting Points from perimeter
7
Hill Climbing
Selecting Points from perimeter
7
Hill Climbing
Selecting Points from perimeter
7
Hill Climbing
Selecting Points from perimeter
7
Hill Climbing
Selecting Points from perimeter
7
Hill Climbing
Selecting Points from perimeter
7
Hill Climbing
Selecting Points from perimeter
7
Hill Climbing
Selecting Points from perimeter
7
Hill Climbing
Selecting Points from perimeter
7
Hill Climbing
Selecting Points from perimeter
7
Hill Climbing
Selecting Points from perimeter
7
Hill Climbing
Selecting Points from perimeter
7
Hill Climbing
Selecting Points from perimeter
7
Hill Climbing
Selecting Points from perimeter
7
Hill Climbing
Selecting Points from perimeter
7
Hill Climbing
Selecting Points from perimeter
7
Hill Climbing
Selecting Points from perimeter
7
Hill Climbing
Selecting Points from perimeter
7
Hill Climbing
Selecting Points from perimeter
7
Hill Climbing
Selecting Points from perimeter
7
Hill Climbing
Selecting Points from perimeter
7
Hill Climbing
Selecting Points from perimeter
7
Hill Climbing
Selecting Points from perimeter
7
Hill Climbing
Selecting Points from perimeter
7
Hill Climbing
Selecting Points from perimeter
7
Hill Climbing
Selecting Points from perimeter
7
Hill Climbing
Selecting Points from perimeter
7
Hill Climbing
Selecting Points from perimeter
7
Hill Climbing
Selecting Points from perimeter
7
Hill Climbing
Selecting Points from perimeter
7
Hill Climbing
Selecting Points from perimeter
7
Hill Climbing
Selecting Points from perimeter
7
Hill Climbing
Selecting Points from perimeter
7
Hill Climbing
Selecting Points from perimeter
7
Hill Climbing
Selecting Points from perimeter
7
Hill Climbing
Selecting Points from perimeter
7
Hill Climbing
Selecting Points from perimeter
7
Hill Climbing
Selecting Points from perimeter
7
Hill Climbing
Selecting Points from perimeter
7
Hill Climbing
Selecting Points from perimeter
7
Hill Climbing
Selecting Points from perimeter
7
Hill Climbing
Selecting Points from perimeter
7
Hill Climbing
Selecting Points from perimeter
7
Hill Climbing
Selecting Points from perimeter
7
Hill Climbing
Selecting Points from perimeter
7
Hill Climbing
Selecting Points from perimeter
7
Hill Climbing
Selecting Points from perimeter
7
Hill Climbing
Selecting Points from perimeter
7
Hill Climbing
Selecting Points from perimeter
7
Hill Climbing
Selecting Points from perimeter
7
Hill Climbing
Selecting Points from perimeter
7
Hill Climbing
Selecting Points from perimeter
7
Hill Climbing
Selecting Points from perimeter
7
Hill Climbing
Selecting Points from perimeter
7
Hill Climbing
Selecting Points from perimeter
7
Hill Climbing
Selecting Points from perimeter
7
Hill Climbing
Selecting Points from perimeter
7
Hill Climbing
Selecting Points from perimeter
7
Hill Climbing
Selecting Points from perimeter
7
Hill Climbing
Selecting Points from perimeter
7
Hill Climbing
Selecting Points from perimeter
7
Hill Climbing
Selecting Points from perimeter
7
Hill Climbing
Selecting Points from perimeter
7
Hill Climbing
Selecting Points from perimeter
7
Hill Climbing
Selecting Points from perimeter
7
Hill Climbing
Selecting Points from perimeter
7
Hill Climbing
Selecting Points from perimeter
7
Hill Climbing
Selecting Points from perimeter
7
Hill Climbing
Selecting Points from perimeter
7
Hill Climbing
Selecting Points from perimeter
7
Hill Climbing
Selecting Points from perimeter
7
Hill Climbing
Selecting Points from perimeter
7
Hill Climbing
Selecting Points from perimeter
7
Hill Climbing
Selecting Points from perimeter
7
Hill Climbing
Selecting Points from perimeter
7
Hill Climbing
Selecting Points from perimeter
7
Hill Climbing
Selecting Points from perimeter
7
Hill Climbing
Selecting Points from perimeter
7
Hill Climbing
Selecting Points from perimeter
7
Hill Climbing
Selecting Points from perimeter
7
Hill Climbing
Skipping Mask Because Area (29) Smaller than number of points^2 (49)
Selecting Points from perimeter
7
Hill Climbing
Selecting Points from perimeter
7
Hill Climbing
Selecting Points from perimeter
7
Hill Climbing
Selecting Points from perimeter
7
Hill Climbing
Selecting Points from perimeter
7
Hill Climbing
Selecting Points from perimeter
7
Hill Climbing
Selecting Points from perimeter
7
Hill Climbing
Selecting Points from perimeter
7
Hill Climbing
Error selecting points: Sample larger than population or is negative
Mask sum: 410
Selecting Points from perimeter
7
Hill Climbing
Selecting Points from perimeter
7
Hill Climbing
Selecting Points from perimeter
7
Hill Climbing
loading annotations into memory...
Done (t=0.00s)
creating index...
index created!
Loading and preparing results...
DONE (t=0.00s)
creating index...
index created!
loading annotations into memory...
Done (t=0.00s)
creating index...
index created!
Loading and preparing results...
DONE (t=0.00s)
creating index...
index created!
loading annotations into memory...
Done (t=0.00s)
creating index...
index created!
Loading and preparing results...
DONE (t=0.00s)
creating index...
index created!
loading annotations into memory...
Done (t=0.00s)
creating index...
index created!
Loading and preparing results...
DONE (t=0.00s)
creating index...
index created!
Selecting Points from perimeter
7
Hill Climbing
Selecting Points from perimeter
7
Hill Climbing
Selecting Points from perimeter
7
Hill Climbing
Selecting Points from perimeter
7
Hill Climbing
Selecting Points from perimeter
7
Hill Climbing
Selecting Points from perimeter
7
Hill Climbing
Selecting Points from perimeter
7
Hill Climbing
Selecting Points from perimeter
7
Hill Climbing
Selecting Points from perimeter
7
Hill Climbing
Selecting Points from perimeter
7
Hill Climbing
Selecting Points from perimeter
7
Hill Climbing
Selecting Points from perimeter
7
Hill Climbing
loading annotations into memory...
Done (t=0.00s)
creating index...
index created!
Loading and preparing results...
DONE (t=0.00s)
creating index...
index created!
loading annotations into memory...
Done (t=0.00s)
creating index...
index created!
Loading and preparing results...
DONE (t=0.00s)
creating index...
index created!
loading annotations into memory...
Done (t=0.00s)
creating index...
index created!
Loading and preparing results...
DONE (t=0.00s)
creating index...
index created!
loading annotations into memory...
Done (t=0.00s)
creating index...
index created!
Loading and preparing results...
DONE (t=0.00s)
creating index...
index created!
Selecting Points from perimeter
7
Hill Climbing
Selecting Points from perimeter
7
Hill Climbing
Selecting Points from perimeter
7
Hill Climbing
Error selecting points: Sample larger than population or is negative
Mask sum: 25324
Selecting Points from perimeter
7
Hill Climbing
Selecting Points from perimeter
7
Hill Climbing
Selecting Points from perimeter
7
Hill Climbing
Selecting Points from perimeter
7
Hill Climbing
Selecting Points from perimeter
7
Hill Climbing
Selecting Points from perimeter
7
Hill Climbing
Selecting Points from perimeter
7
Hill Climbing
Selecting Points from perimeter
7
Hill Climbing
Selecting Points from perimeter
7
Hill Climbing
Selecting Points from perimeter
7
Hill Climbing
Selecting Points from perimeter
7
Hill Climbing
Selecting Points from perimeter
7
Hill Climbing
Selecting Points from perimeter
7
Hill Climbing
Error selecting points: Sample larger than population or is negative
Mask sum: 14845
Selecting Points from perimeter
7
Hill Climbing
Selecting Points from perimeter
7
Hill Climbing
Selecting Points from perimeter
7
Hill Climbing
Selecting Points from perimeter
7
Hill Climbing
Selecting Points from perimeter
7
Hill Climbing
Selecting Points from perimeter
7
Hill Climbing
Selecting Points from perimeter
7
Hill Climbing
Selecting Points from perimeter
7
Hill Climbing
Selecting Points from perimeter
7
Hill Climbing
Selecting Points from perimeter
7
Hill Climbing
Selecting Points from perimeter
7
Hill Climbing
Selecting Points from perimeter
7
Hill Climbing
Selecting Points from perimeter
7
Hill Climbing
Selecting Points from perimeter
7
Hill Climbing
Selecting Points from perimeter
7
Hill Climbing
Selecting Points from perimeter
7
Hill Climbing
Selecting Points from perimeter
7
Hill Climbing
Selecting Points from perimeter
7
Hill Climbing
Selecting Points from perimeter
7
Hill Climbing
Selecting Points from perimeter
7
Hill Climbing
loading annotations into memory...
Done (t=0.00s)
creating index...
index created!
Loading and preparing results...
DONE (t=0.00s)
creating index...
index created!
loading annotations into memory...
Done (t=0.00s)
creating index...
index created!
Loading and preparing results...
DONE (t=0.00s)
creating index...
index created!
loading annotations into memory...
Done (t=0.00s)
creating index...
index created!
Loading and preparing results...
DONE (t=0.00s)
creating index...
index created!
loading annotations into memory...
Done (t=0.00s)
creating index...
index created!
Loading and preparing results...
DONE (t=0.00s)
creating index...
index created!
Selecting Points from perimeter
7
Hill Climbing
Selecting Points from perimeter
7
Hill Climbing
Selecting Points from perimeter
7
Hill Climbing
Selecting Points from perimeter
7
Hill Climbing
Selecting Points from perimeter
7
Hill Climbing
Selecting Points from perimeter
7
Hill Climbing
Selecting Points from perimeter
7
Hill Climbing
Error selecting points: Sample larger than population or is negative
Mask sum: 53767
Selecting Points from perimeter
7
Hill Climbing
Selecting Points from perimeter
7
Hill Climbing
Selecting Points from perimeter
7
Hill Climbing
Selecting Points from perimeter
7
Hill Climbing
Selecting Points from perimeter
7
Hill Climbing
Selecting Points from perimeter
7
Hill Climbing
Selecting Points from perimeter
7
Hill Climbing
Selecting Points from perimeter
7
Hill Climbing
Selecting Points from perimeter
7
Hill Climbing
Selecting Points from perimeter
7
Hill Climbing
Selecting Points from perimeter
7
Hill Climbing
Selecting Points from perimeter
7
Hill Climbing
Selecting Points from perimeter
7
Hill Climbing
loading annotations into memory...
Done (t=0.00s)
creating index...
index created!
Loading and preparing results...
DONE (t=0.00s)
creating index...
index created!
loading annotations into memory...
Done (t=0.00s)
creating index...
index created!
Loading and preparing results...
DONE (t=0.00s)
creating index...
index created!
loading annotations into memory...
Done (t=0.00s)
creating index...
index created!
Loading and preparing results...
DONE (t=0.00s)
creating index...
index created!
loading annotations into memory...
Done (t=0.00s)
creating index...
index created!
Loading and preparing results...
DONE (t=0.00s)
creating index...
index created!
Selecting Points from perimeter
7
Hill Climbing
Error selecting points: Sample larger than population or is negative
Mask sum: 7402
Selecting Points from perimeter
7
Hill Climbing
Selecting Points from perimeter
7
Hill Climbing
Selecting Points from perimeter
7
Hill Climbing
Error selecting points: Sample larger than population or is negative
Mask sum: 11700
Selecting Points from perimeter
7
Hill Climbing
Error selecting points: Sample larger than population or is negative
Mask sum: 8915
Selecting Points from perimeter
7
Hill Climbing
Selecting Points from perimeter
7
Hill Climbing
Selecting Points from perimeter
7
Hill Climbing
Selecting Points from perimeter
7
Hill Climbing
Selecting Points from perimeter
7
Hill Climbing
Selecting Points from perimeter
7
Hill Climbing
Error selecting points: Sample larger than population or is negative
Mask sum: 5932
Selecting Points from perimeter
7
Hill Climbing
Selecting Points from perimeter
7
Hill Climbing
Selecting Points from perimeter
7
Hill Climbing
Selecting Points from perimeter
7
Hill Climbing
Error selecting points: Sample larger than population or is negative
Mask sum: 7696
Selecting Points from perimeter
7
Hill Climbing
Selecting Points from perimeter
7
Hill Climbing
Error selecting points: Sample larger than population or is negative
Mask sum: 4691
Selecting Points from perimeter
7
Hill Climbing
Selecting Points from perimeter
7
Hill Climbing
Selecting Points from perimeter
7
Hill Climbing
Selecting Points from perimeter
7
Hill Climbing
Selecting Points from perimeter
7
Hill Climbing
Error selecting points: Sample larger than population or is negative
Mask sum: 6927
Selecting Points from perimeter
7
Hill Climbing
Selecting Points from perimeter
7
Hill Climbing
Selecting Points from perimeter
7
Hill Climbing
Selecting Points from perimeter
7
Hill Climbing
Selecting Points from perimeter
7
Hill Climbing
Selecting Points from perimeter
7
Hill Climbing
Selecting Points from perimeter
7
Hill Climbing
Error selecting points: Sample larger than population or is negative
Mask sum: 12651
Selecting Points from perimeter
7
Hill Climbing
Selecting Points from perimeter
7
Hill Climbing
Selecting Points from perimeter
7
Hill Climbing
Selecting Points from perimeter
7
Hill Climbing
Selecting Points from perimeter
7
Hill Climbing
Error selecting points: Sample larger than population or is negative
Mask sum: 8967
Selecting Points from perimeter
7
Hill Climbing
Selecting Points from perimeter
7
Hill Climbing
Selecting Points from perimeter
7
Hill Climbing
Selecting Points from perimeter
7
Hill Climbing
Error selecting points: Sample larger than population or is negative
Mask sum: 6252
Selecting Points from perimeter
7
Hill Climbing
Selecting Points from perimeter
7
Hill Climbing
Selecting Points from perimeter
7
Hill Climbing
Selecting Points from perimeter
7
Hill Climbing
Selecting Points from perimeter
7
Hill Climbing
Selecting Points from perimeter
7
Hill Climbing
Selecting Points from perimeter
7
Hill Climbing
Selecting Points from perimeter
7
Hill Climbing
Selecting Points from perimeter
7
Hill Climbing
Selecting Points from perimeter
7
Hill Climbing
Selecting Points from perimeter
7
Hill Climbing
Selecting Points from perimeter
7
Hill Climbing
Error selecting points: Sample larger than population or is negative
Mask sum: 5274
Selecting Points from perimeter
7
Hill Climbing
Selecting Points from perimeter
7
Hill Climbing
Selecting Points from perimeter
7
Hill Climbing
Selecting Points from perimeter
7
Hill Climbing
Selecting Points from perimeter
7
Hill Climbing
Error selecting points: Sample larger than population or is negative
Mask sum: 7652
Selecting Points from perimeter
7
Hill Climbing
Selecting Points from perimeter
7
Hill Climbing
Selecting Points from perimeter
7
Hill Climbing
Selecting Points from perimeter
7
Hill Climbing
Selecting Points from perimeter
7
Hill Climbing
Selecting Points from perimeter
7
Hill Climbing
Selecting Points from perimeter
7
Hill Climbing
Selecting Points from perimeter
7
Hill Climbing
Selecting Points from perimeter
7
Hill Climbing
Selecting Points from perimeter
7
Hill Climbing
Selecting Points from perimeter
7
Hill Climbing
Selecting Points from perimeter
7
Hill Climbing
Selecting Points from perimeter
7
Hill Climbing
Selecting Points from perimeter
7
Hill Climbing
Selecting Points from perimeter
7
Hill Climbing
Selecting Points from perimeter
7
Hill Climbing
Selecting Points from perimeter
7
Hill Climbing
Selecting Points from perimeter
7
Hill Climbing
Selecting Points from perimeter
7
Hill Climbing
Selecting Points from perimeter
7
Hill Climbing
Selecting Points from perimeter
7
Hill Climbing
Selecting Points from perimeter
7
Hill Climbing
Selecting Points from perimeter
7
Hill Climbing
Selecting Points from perimeter
7
Hill Climbing
Selecting Points from perimeter
7
Hill Climbing
Error selecting points: Sample larger than population or is negative
Mask sum: 6607
Selecting Points from perimeter
7
Hill Climbing
Selecting Points from perimeter
7
Hill Climbing
Selecting Points from perimeter
7
Hill Climbing
Selecting Points from perimeter
7
Hill Climbing
Selecting Points from perimeter
7
Hill Climbing
Selecting Points from perimeter
7
Hill Climbing
Selecting Points from perimeter
7
Hill Climbing
Selecting Points from perimeter
7
Hill Climbing
Selecting Points from perimeter
7
Hill Climbing
Selecting Points from perimeter
7
Hill Climbing
Selecting Points from perimeter
7
Hill Climbing
Selecting Points from perimeter
7
Hill Climbing
Selecting Points from perimeter
7
Hill Climbing
Error selecting points: Sample larger than population or is negative
Mask sum: 2737
Selecting Points from perimeter
7
Hill Climbing
Selecting Points from perimeter
7
Hill Climbing
Selecting Points from perimeter
7
Hill Climbing
Selecting Points from perimeter
7
Hill Climbing
Selecting Points from perimeter
7
Hill Climbing
Error selecting points: Sample larger than population or is negative
Mask sum: 6179
Selecting Points from perimeter
7
Hill Climbing
Selecting Points from perimeter
7
Hill Climbing
loading annotations into memory...
Done (t=0.00s)
creating index...
index created!
Loading and preparing results...
DONE (t=0.00s)
creating index...
index created!
loading annotations into memory...
Done (t=0.00s)
creating index...
index created!
Loading and preparing results...
DONE (t=0.00s)
creating index...
index created!
loading annotations into memory...
Done (t=0.00s)
creating index...
index created!
Loading and preparing results...
DONE (t=0.00s)
creating index...
index created!
loading annotations into memory...
Done (t=0.00s)
creating index...
index created!
Loading and preparing results...
DONE (t=0.00s)
creating index...
index created!
Selecting Points from perimeter
7
Hill Climbing
Selecting Points from perimeter
7
Hill Climbing
Error selecting points: Sample larger than population or is negative
Mask sum: 46195
Selecting Points from perimeter
7
Hill Climbing
Selecting Points from perimeter
7
Hill Climbing
Selecting Points from perimeter
7
Hill Climbing
Selecting Points from perimeter
7
Hill Climbing
Selecting Points from perimeter
7
Hill Climbing
Selecting Points from perimeter
7
Hill Climbing
Selecting Points from perimeter
7
Hill Climbing
Selecting Points from perimeter
7
Hill Climbing
Selecting Points from perimeter
7
Hill Climbing
Selecting Points from perimeter
7
Hill Climbing
Selecting Points from perimeter
7
Hill Climbing
Selecting Points from perimeter
7
Hill Climbing
Error selecting points: Sample larger than population or is negative
Mask sum: 27342
Selecting Points from perimeter
7
Hill Climbing
Selecting Points from perimeter
7
Hill Climbing
Selecting Points from perimeter
7
Hill Climbing
Selecting Points from perimeter
7
Hill Climbing
Selecting Points from perimeter
7
Hill Climbing
Selecting Points from perimeter
7
Hill Climbing
Selecting Points from perimeter
7
Hill Climbing
Selecting Points from perimeter
7
Hill Climbing
Selecting Points from perimeter
7
Hill Climbing
Selecting Points from perimeter
7
Hill Climbing
Selecting Points from perimeter
7
Hill Climbing
Selecting Points from perimeter
7
Hill Climbing
loading annotations into memory...
Done (t=0.00s)
creating index...
index created!
Loading and preparing results...
DONE (t=0.00s)
creating index...
index created!
loading annotations into memory...
Done (t=0.00s)
creating index...
index created!
Loading and preparing results...
DONE (t=0.00s)
creating index...
index created!
loading annotations into memory...
Done (t=0.00s)
creating index...
index created!
Loading and preparing results...
DONE (t=0.00s)
creating index...
index created!
loading annotations into memory...
Done (t=0.00s)
creating index...
index created!
Loading and preparing results...
DONE (t=0.00s)
creating index...
index created!
Selecting Points from perimeter
7
Hill Climbing
Selecting Points from perimeter
7
Hill Climbing
Error selecting points: Sample larger than population or is negative
Mask sum: 14625
Selecting Points from perimeter
7
Hill Climbing
Selecting Points from perimeter
7
Hill Climbing
Error selecting points: Sample larger than population or is negative
Mask sum: 13447
Selecting Points from perimeter
7
Hill Climbing
Selecting Points from perimeter
7
Hill Climbing
Selecting Points from perimeter
7
Hill Climbing
Selecting Points from perimeter
7
Hill Climbing
Selecting Points from perimeter
7
Hill Climbing
Selecting Points from perimeter
7
Hill Climbing
Selecting Points from perimeter
7
Hill Climbing
Selecting Points from perimeter
7
Hill Climbing
Selecting Points from perimeter
7
Hill Climbing
Selecting Points from perimeter
7
Hill Climbing
Selecting Points from perimeter
7
Hill Climbing
Selecting Points from perimeter
7
Hill Climbing
Selecting Points from perimeter
7
Hill Climbing
Selecting Points from perimeter
7
Hill Climbing
Selecting Points from perimeter
7
Hill Climbing
Selecting Points from perimeter
7
Hill Climbing
Selecting Points from perimeter
7
Hill Climbing
Selecting Points from perimeter
7
Hill Climbing
Selecting Points from perimeter
7
Hill Climbing
Selecting Points from perimeter
7
Hill Climbing
Error selecting points: Sample larger than population or is negative
Mask sum: 17727
Selecting Points from perimeter
7
Hill Climbing
Selecting Points from perimeter
7
Hill Climbing
Selecting Points from perimeter
7
Hill Climbing
Selecting Points from perimeter
7
Hill Climbing
Selecting Points from perimeter
7
Hill Climbing
Selecting Points from perimeter
7
Hill Climbing
Error selecting points: Sample larger than population or is negative
Mask sum: 3003
Selecting Points from perimeter
7
Hill Climbing
Selecting Points from perimeter
7
Hill Climbing
Selecting Points from perimeter
7
Hill Climbing
Selecting Points from perimeter
7
Hill Climbing
Selecting Points from perimeter
7
Hill Climbing
Selecting Points from perimeter
7
Hill Climbing
Selecting Points from perimeter
7
Hill Climbing
Selecting Points from perimeter
7
Hill Climbing
Selecting Points from perimeter
7
Hill Climbing
Selecting Points from perimeter
7
Hill Climbing
Selecting Points from perimeter
7
Hill Climbing
Selecting Points from perimeter
7
Hill Climbing
Selecting Points from perimeter
7
Hill Climbing
Selecting Points from perimeter
7
Hill Climbing
Error selecting points: Sample larger than population or is negative
Mask sum: 2456
Selecting Points from perimeter
7
Hill Climbing
Selecting Points from perimeter
7
Hill Climbing
Error selecting points: Sample larger than population or is negative
Mask sum: 17362
Selecting Points from perimeter
7
Hill Climbing
Selecting Points from perimeter
7
Hill Climbing
Selecting Points from perimeter
7
Hill Climbing
Selecting Points from perimeter
7
Hill Climbing
Selecting Points from perimeter
7
Hill Climbing
Selecting Points from perimeter
7
Hill Climbing
Error selecting points: Sample larger than population or is negative
Mask sum: 7480
Selecting Points from perimeter
7
Hill Climbing
Selecting Points from perimeter
7
Hill Climbing
Selecting Points from perimeter
7
Hill Climbing
Selecting Points from perimeter
7
Hill Climbing
Selecting Points from perimeter
7
Hill Climbing
Selecting Points from perimeter
7
Hill Climbing
Selecting Points from perimeter
7
Hill Climbing
Error selecting points: Sample larger than population or is negative
Mask sum: 4878
Selecting Points from perimeter
7
Hill Climbing
Selecting Points from perimeter
7
Hill Climbing
Selecting Points from perimeter
7
Hill Climbing
Selecting Points from perimeter
7
Hill Climbing
Selecting Points from perimeter
7
Hill Climbing
Selecting Points from perimeter
7
Hill Climbing
Selecting Points from perimeter
7
Hill Climbing
Selecting Points from perimeter
7
Hill Climbing
Selecting Points from perimeter
7
Hill Climbing
Selecting Points from perimeter
7
Hill Climbing
Selecting Points from perimeter
7
Hill Climbing
Selecting Points from perimeter
7
Hill Climbing
Selecting Points from perimeter
7
Hill Climbing
Selecting Points from perimeter
7
Hill Climbing
Selecting Points from perimeter
7
Hill Climbing
Selecting Points from perimeter
7
Hill Climbing
Error selecting points: Sample larger than population or is negative
Mask sum: 2396
Selecting Points from perimeter
7
Hill Climbing
Selecting Points from perimeter
7
Hill Climbing
Selecting Points from perimeter
7
Hill Climbing
Selecting Points from perimeter
7
Hill Climbing
Selecting Points from perimeter
7
Hill Climbing
Selecting Points from perimeter
7
Hill Climbing
Selecting Points from perimeter
7
Hill Climbing
Selecting Points from perimeter
7
Hill Climbing
Selecting Points from perimeter
7
Hill Climbing
Selecting Points from perimeter
7
Hill Climbing
Selecting Points from perimeter
7
Hill Climbing
Selecting Points from perimeter
7
Hill Climbing
Selecting Points from perimeter
7
Hill Climbing
Selecting Points from perimeter
7
Hill Climbing
Selecting Points from perimeter
7
Hill Climbing
Selecting Points from perimeter
7
Hill Climbing
Selecting Points from perimeter
7
Hill Climbing
Selecting Points from perimeter
7
Hill Climbing
Selecting Points from perimeter
7
Hill Climbing
Selecting Points from perimeter
7
Hill Climbing
Selecting Points from perimeter
7
Hill Climbing
Selecting Points from perimeter
7
Hill Climbing
Selecting Points from perimeter
7
Hill Climbing
Selecting Points from perimeter
7
Hill Climbing
Selecting Points from perimeter
7
Hill Climbing
loading annotations into memory...
Done (t=0.00s)
creating index...
index created!
Loading and preparing results...
DONE (t=0.00s)
creating index...
index created!
loading annotations into memory...
Done (t=0.00s)
creating index...
index created!
Loading and preparing results...
DONE (t=0.00s)
creating index...
index created!
loading annotations into memory...
Done (t=0.00s)
creating index...
index created!
Loading and preparing results...
DONE (t=0.00s)
creating index...
index created!
loading annotations into memory...
Done (t=0.00s)
creating index...
index created!
Loading and preparing results...
DONE (t=0.00s)
creating index...
index created!
Selecting Points from perimeter
7
Hill Climbing
Error selecting points: Sample larger than population or is negative
Mask sum: 16207
Selecting Points from perimeter
7
Hill Climbing
Selecting Points from perimeter
7
Hill Climbing
Error selecting points: Sample larger than population or is negative
Mask sum: 12053
Selecting Points from perimeter
7
Hill Climbing
Error selecting points: Sample larger than population or is negative
Mask sum: 9000
Selecting Points from perimeter
7
Hill Climbing
Selecting Points from perimeter
7
Hill Climbing
Selecting Points from perimeter
7
Hill Climbing
Selecting Points from perimeter
7
Hill Climbing
Selecting Points from perimeter
7
Hill Climbing
Selecting Points from perimeter
7
Hill Climbing
Selecting Points from perimeter
7
Hill Climbing
Selecting Points from perimeter
7
Hill Climbing
Selecting Points from perimeter
7
Hill Climbing
Selecting Points from perimeter
7
Hill Climbing
Selecting Points from perimeter
7
Hill Climbing
Selecting Points from perimeter
7
Hill Climbing
Selecting Points from perimeter
7
Hill Climbing
Selecting Points from perimeter
7
Hill Climbing
Selecting Points from perimeter
7
Hill Climbing
Selecting Points from perimeter
7
Hill Climbing
Selecting Points from perimeter
7
Hill Climbing
Selecting Points from perimeter
7
Hill Climbing
Selecting Points from perimeter
7
Hill Climbing
Selecting Points from perimeter
7
Hill Climbing
Selecting Points from perimeter
7
Hill Climbing
Error selecting points: Sample larger than population or is negative
Mask sum: 6672
Selecting Points from perimeter
7
Hill Climbing
Selecting Points from perimeter
7
Hill Climbing
Selecting Points from perimeter
7
Hill Climbing
Selecting Points from perimeter
7
Hill Climbing
Selecting Points from perimeter
7
Hill Climbing
Selecting Points from perimeter
7
Hill Climbing
Error selecting points: Sample larger than population or is negative
Mask sum: 5452
Selecting Points from perimeter
7
Hill Climbing
Selecting Points from perimeter
7
Hill Climbing
Selecting Points from perimeter
7
Hill Climbing
Selecting Points from perimeter
7
Hill Climbing
Selecting Points from perimeter
7
Hill Climbing
Selecting Points from perimeter
7
Hill Climbing
Error selecting points: Sample larger than population or is negative
Mask sum: 3912
Selecting Points from perimeter
7
Hill Climbing
Selecting Points from perimeter
7
Hill Climbing
Selecting Points from perimeter
7
Hill Climbing
Selecting Points from perimeter
7
Hill Climbing
Selecting Points from perimeter
7
Hill Climbing
Selecting Points from perimeter
7
Hill Climbing
Selecting Points from perimeter
7
Hill Climbing
Selecting Points from perimeter
7
Hill Climbing
Selecting Points from perimeter
7
Hill Climbing
Selecting Points from perimeter
7
Hill Climbing
Selecting Points from perimeter
7
Hill Climbing
Selecting Points from perimeter
7
Hill Climbing
Error selecting points: Sample larger than population or is negative
Mask sum: 4682
Selecting Points from perimeter
7
Hill Climbing
Selecting Points from perimeter
7
Hill Climbing
Selecting Points from perimeter
7
Hill Climbing
Selecting Points from perimeter
7
Hill Climbing
Selecting Points from perimeter
7
Hill Climbing
Selecting Points from perimeter
7
Hill Climbing
Selecting Points from perimeter
7
Hill Climbing
Selecting Points from perimeter
7
Hill Climbing
Selecting Points from perimeter
7
Hill Climbing
Selecting Points from perimeter
7
Hill Climbing
Selecting Points from perimeter
7
Hill Climbing
Selecting Points from perimeter
7
Hill Climbing
Selecting Points from perimeter
7
Hill Climbing
Selecting Points from perimeter
7
Hill Climbing
Selecting Points from perimeter
7
Hill Climbing
Selecting Points from perimeter
7
Hill Climbing
Selecting Points from perimeter
7
Hill Climbing
Selecting Points from perimeter
7
Hill Climbing
Selecting Points from perimeter
7
Hill Climbing
Selecting Points from perimeter
7
Hill Climbing
Selecting Points from perimeter
7
Hill Climbing
Selecting Points from perimeter
7
Hill Climbing
Selecting Points from perimeter
7
Hill Climbing
Selecting Points from perimeter
7
Hill Climbing
Selecting Points from perimeter
7
Hill Climbing
Selecting Points from perimeter
7
Hill Climbing
Selecting Points from perimeter
7
Hill Climbing
Selecting Points from perimeter
7
Hill Climbing
Selecting Points from perimeter
7
Hill Climbing
Selecting Points from perimeter
7
Hill Climbing
Selecting Points from perimeter
7
Hill Climbing
Selecting Points from perimeter
7
Hill Climbing
Selecting Points from perimeter
7
Hill Climbing
Selecting Points from perimeter
7
Hill Climbing
Selecting Points from perimeter
7
Hill Climbing
Selecting Points from perimeter
7
Hill Climbing
Selecting Points from perimeter
7
Hill Climbing
Selecting Points from perimeter
7
Hill Climbing
Selecting Points from perimeter
7
Hill Climbing
loading annotations into memory...
Done (t=0.00s)
creating index...
index created!
Loading and preparing results...
DONE (t=0.00s)
creating index...
index created!
loading annotations into memory...
Done (t=0.00s)
creating index...
index created!
Loading and preparing results...
DONE (t=0.00s)
creating index...
index created!
loading annotations into memory...
Done (t=0.00s)
creating index...
index created!
Loading and preparing results...
DONE (t=0.00s)
creating index...
index created!
loading annotations into memory...
Done (t=0.00s)
creating index...
index created!
Loading and preparing results...
DONE (t=0.00s)
creating index...
index created!
Selecting Points from perimeter
7
Hill Climbing
Selecting Points from perimeter
7
Hill Climbing
Selecting Points from perimeter
7
Hill Climbing
Selecting Points from perimeter
7
Hill Climbing
Selecting Points from perimeter
7
Hill Climbing
Selecting Points from perimeter
7
Hill Climbing
Selecting Points from perimeter
7
Hill Climbing
Selecting Points from perimeter
7
Hill Climbing
Selecting Points from perimeter
7
Hill Climbing
Selecting Points from perimeter
7
Hill Climbing
Selecting Points from perimeter
7
Hill Climbing
loading annotations into memory...
Done (t=0.00s)
creating index...
index created!
Loading and preparing results...
DONE (t=0.00s)
creating index...
index created!
loading annotations into memory...
Done (t=0.00s)
creating index...
index created!
Loading and preparing results...
DONE (t=0.00s)
creating index...
index created!
loading annotations into memory...
Done (t=0.00s)
creating index...
index created!
Loading and preparing results...
DONE (t=0.00s)
creating index...
index created!
loading annotations into memory...
Done (t=0.00s)
creating index...
index created!
Loading and preparing results...
DONE (t=0.00s)
creating index...
index created!
Selecting Points from perimeter
7
Hill Climbing
Selecting Points from perimeter
7
Hill Climbing
Selecting Points from perimeter
7
Hill Climbing
Selecting Points from perimeter
7
Hill Climbing
Selecting Points from perimeter
7
Hill Climbing
Selecting Points from perimeter
7
Hill Climbing
Selecting Points from perimeter
7
Hill Climbing
Selecting Points from perimeter
7
Hill Climbing
Selecting Points from perimeter
7
Hill Climbing
Selecting Points from perimeter
7
Hill Climbing
Selecting Points from perimeter
7
Hill Climbing
Selecting Points from perimeter
7
Hill Climbing
Selecting Points from perimeter
7
Hill Climbing
Selecting Points from perimeter
7
Hill Climbing
Selecting Points from perimeter
7
Hill Climbing
Selecting Points from perimeter
7
Hill Climbing
loading annotations into memory...
Done (t=0.00s)
creating index...
index created!
Loading and preparing results...
DONE (t=0.00s)
creating index...
index created!
loading annotations into memory...
Done (t=0.00s)
creating index...
index created!
Loading and preparing results...
DONE (t=0.00s)
creating index...
index created!
loading annotations into memory...
Done (t=0.00s)
creating index...
index created!
Loading and preparing results...
DONE (t=0.00s)
creating index...
index created!
loading annotations into memory...
Done (t=0.00s)
creating index...
index created!
Loading and preparing results...
DONE (t=0.00s)
creating index...
index created!
Selecting Points from perimeter
7
Hill Climbing
Error selecting points: Sample larger than population or is negative
Mask sum: 18479
Selecting Points from perimeter
7
Hill Climbing
Error selecting points: Sample larger than population or is negative
Mask sum: 18837
Selecting Points from perimeter
7
Hill Climbing
Selecting Points from perimeter
7
Hill Climbing
Error selecting points: Sample larger than population or is negative
Mask sum: 1618
Selecting Points from perimeter
7
Hill Climbing
Selecting Points from perimeter
7
Hill Climbing
Selecting Points from perimeter
7
Hill Climbing
Error selecting points: Sample larger than population or is negative
Mask sum: 3392
Selecting Points from perimeter
7
Hill Climbing
Selecting Points from perimeter
7
Hill Climbing
Error selecting points: Sample larger than population or is negative
Mask sum: 14609
Selecting Points from perimeter
7
Hill Climbing
Selecting Points from perimeter
7
Hill Climbing
Selecting Points from perimeter
7
Hill Climbing
Selecting Points from perimeter
7
Hill Climbing
Error selecting points: Sample larger than population or is negative
Mask sum: 1658
Selecting Points from perimeter
7
Hill Climbing
Selecting Points from perimeter
7
Hill Climbing
Selecting Points from perimeter
7
Hill Climbing
Selecting Points from perimeter
7
Hill Climbing
Selecting Points from perimeter
7
Hill Climbing
Selecting Points from perimeter
7
Hill Climbing
Error selecting points: Sample larger than population or is negative
Mask sum: 5240
Selecting Points from perimeter
7
Hill Climbing
Selecting Points from perimeter
7
Hill Climbing
Error selecting points: Sample larger than population or is negative
Mask sum: 14028
Selecting Points from perimeter
7
Hill Climbing
Selecting Points from perimeter
7
Hill Climbing
Selecting Points from perimeter
7
Hill Climbing
Selecting Points from perimeter
7
Hill Climbing
Error selecting points: Sample larger than population or is negative
Mask sum: 1810
Selecting Points from perimeter
7
Hill Climbing
Error selecting points: Sample larger than population or is negative
Mask sum: 8816
Selecting Points from perimeter
7
Hill Climbing
Selecting Points from perimeter
7
Hill Climbing
Selecting Points from perimeter
7
Hill Climbing
Error selecting points: Sample larger than population or is negative
Mask sum: 14698
Selecting Points from perimeter
7
Hill Climbing
Error selecting points: Sample larger than population or is negative
Mask sum: 2108
Selecting Points from perimeter
7
Hill Climbing
Error selecting points: Sample larger than population or is negative
Mask sum: 1796
Selecting Points from perimeter
7
Hill Climbing
Error selecting points: Sample larger than population or is negative
Mask sum: 8465
Selecting Points from perimeter
7
Hill Climbing
Selecting Points from perimeter
7
Hill Climbing
Error selecting points: Sample larger than population or is negative
Mask sum: 1821
Selecting Points from perimeter
7
Hill Climbing
Error selecting points: Sample larger than population or is negative
Mask sum: 3198
Selecting Points from perimeter
7
Hill Climbing
Selecting Points from perimeter
7
Hill Climbing
Selecting Points from perimeter
7
Hill Climbing
Error selecting points: Sample larger than population or is negative
Mask sum: 4478
Selecting Points from perimeter
7
Hill Climbing
Selecting Points from perimeter
7
Hill Climbing
Selecting Points from perimeter
7
Hill Climbing
Selecting Points from perimeter
7
Hill Climbing
Selecting Points from perimeter
7
Hill Climbing
Error selecting points: Sample larger than population or is negative
Mask sum: 14739
Selecting Points from perimeter
7
Hill Climbing
Selecting Points from perimeter
7
Hill Climbing
Selecting Points from perimeter
7
Hill Climbing
Error selecting points: Sample larger than population or is negative
Mask sum: 2536
Selecting Points from perimeter
7
Hill Climbing
Selecting Points from perimeter
7
Hill Climbing
Selecting Points from perimeter
7
Hill Climbing
Selecting Points from perimeter
7
Hill Climbing
Selecting Points from perimeter
7
Hill Climbing
Selecting Points from perimeter
7
Hill Climbing
Error selecting points: Sample larger than population or is negative
Mask sum: 3022
Selecting Points from perimeter
7
Hill Climbing
Selecting Points from perimeter
7
Hill Climbing
Error selecting points: Sample larger than population or is negative
Mask sum: 1737
Selecting Points from perimeter
7
Hill Climbing
Error selecting points: Sample larger than population or is negative
Mask sum: 5100
Selecting Points from perimeter
7
Hill Climbing
Selecting Points from perimeter
7
Hill Climbing
Selecting Points from perimeter
7
Hill Climbing
Selecting Points from perimeter
7
Hill Climbing
Selecting Points from perimeter
7
Hill Climbing
Selecting Points from perimeter
7
Hill Climbing
Error selecting points: Sample larger than population or is negative
Mask sum: 1329
Selecting Points from perimeter
7
Hill Climbing
Error selecting points: Sample larger than population or is negative
Mask sum: 7966
Selecting Points from perimeter
7
Hill Climbing
Selecting Points from perimeter
7
Hill Climbing
Error selecting points: Sample larger than population or is negative
Mask sum: 4829
Selecting Points from perimeter
7
Hill Climbing
Error selecting points: Sample larger than population or is negative
Mask sum: 2970
Selecting Points from perimeter
7
Hill Climbing
Selecting Points from perimeter
7
Hill Climbing
Selecting Points from perimeter
7
Hill Climbing
Selecting Points from perimeter
7
Hill Climbing
Error selecting points: Sample larger than population or is negative
Mask sum: 2940
Selecting Points from perimeter
7
Hill Climbing
Error selecting points: Sample larger than population or is negative
Mask sum: 6384
Selecting Points from perimeter
7
Hill Climbing
Selecting Points from perimeter
7
Hill Climbing
Selecting Points from perimeter
7
Hill Climbing
Selecting Points from perimeter
7
Hill Climbing
Selecting Points from perimeter
7
Hill Climbing
Selecting Points from perimeter
7
Hill Climbing
Error selecting points: Sample larger than population or is negative
Mask sum: 2693
Selecting Points from perimeter
7
Hill Climbing
Selecting Points from perimeter
7
Hill Climbing
Selecting Points from perimeter
7
Hill Climbing
Selecting Points from perimeter
7
Hill Climbing
Selecting Points from perimeter
7
Hill Climbing
Selecting Points from perimeter
7
Hill Climbing
Selecting Points from perimeter
7
Hill Climbing
Selecting Points from perimeter
7
Hill Climbing
Selecting Points from perimeter
7
Hill Climbing
Selecting Points from perimeter
7
Hill Climbing
Selecting Points from perimeter
7
Hill Climbing
Selecting Points from perimeter
7
Hill Climbing
Selecting Points from perimeter
7
Hill Climbing
Error selecting points: Sample larger than population or is negative
Mask sum: 4521
Selecting Points from perimeter
7
Hill Climbing
Error selecting points: Sample larger than population or is negative
Mask sum: 2021
Selecting Points from perimeter
7
Hill Climbing
Selecting Points from perimeter
7
Hill Climbing
Error selecting points: Sample larger than population or is negative
Mask sum: 3581
Selecting Points from perimeter
7
Hill Climbing
Error selecting points: Sample larger than population or is negative
Mask sum: 1286
Selecting Points from perimeter
7
Hill Climbing
Selecting Points from perimeter
7
Hill Climbing
Selecting Points from perimeter
7
Hill Climbing
Selecting Points from perimeter
7
Hill Climbing
Error selecting points: Sample larger than population or is negative
Mask sum: 1839
Selecting Points from perimeter
7
Hill Climbing
Selecting Points from perimeter
7
Hill Climbing
Selecting Points from perimeter
7
Hill Climbing
Error selecting points: Sample larger than population or is negative
Mask sum: 3501
loading annotations into memory...
Done (t=0.00s)
creating index...
index created!
Loading and preparing results...
DONE (t=0.00s)
creating index...
index created!
loading annotations into memory...
Done (t=0.00s)
creating index...
index created!
Loading and preparing results...
DONE (t=0.00s)
creating index...
index created!
loading annotations into memory...
Done (t=0.00s)
creating index...
index created!
Loading and preparing results...
DONE (t=0.00s)
creating index...
index created!
loading annotations into memory...
Done (t=0.00s)
creating index...
index created!
Loading and preparing results...
DONE (t=0.00s)
creating index...
index created!
Selecting Points from perimeter
7
Hill Climbing
Selecting Points from perimeter
7
Hill Climbing
Selecting Points from perimeter
7
Hill Climbing
Selecting Points from perimeter
7
Hill Climbing
Selecting Points from perimeter
7
Hill Climbing
Selecting Points from perimeter
7
Hill Climbing
Error selecting points: Sample larger than population or is negative
Mask sum: 9135
Selecting Points from perimeter
7
Hill Climbing
Selecting Points from perimeter
7
Hill Climbing
Selecting Points from perimeter
7
Hill Climbing
Selecting Points from perimeter
7
Hill Climbing
Error selecting points: Sample larger than population or is negative
Mask sum: 5099
Selecting Points from perimeter
7
Hill Climbing
Selecting Points from perimeter
7
Hill Climbing
Error selecting points: Sample larger than population or is negative
Mask sum: 10717
Selecting Points from perimeter
7
Hill Climbing
Selecting Points from perimeter
7
Hill Climbing
Selecting Points from perimeter
7
Hill Climbing
Error selecting points: Sample larger than population or is negative
Mask sum: 8546
Selecting Points from perimeter
7
Hill Climbing
Selecting Points from perimeter
7
Hill Climbing
Selecting Points from perimeter
7
Hill Climbing
Selecting Points from perimeter
7
Hill Climbing
Selecting Points from perimeter
7
Hill Climbing
Selecting Points from perimeter
7
Hill Climbing
Selecting Points from perimeter
7
Hill Climbing
Selecting Points from perimeter
7
Hill Climbing
Selecting Points from perimeter
7
Hill Climbing
Selecting Points from perimeter
7
Hill Climbing
Error selecting points: Sample larger than population or is negative
Mask sum: 5973
Selecting Points from perimeter
7
Hill Climbing
Selecting Points from perimeter
7
Hill Climbing
Selecting Points from perimeter
7
Hill Climbing
Selecting Points from perimeter
7
Hill Climbing
Selecting Points from perimeter
7
Hill Climbing
Selecting Points from perimeter
7
Hill Climbing
Selecting Points from perimeter
7
Hill Climbing
Selecting Points from perimeter
7
Hill Climbing
Selecting Points from perimeter
7
Hill Climbing
Selecting Points from perimeter
7
Hill Climbing
Selecting Points from perimeter
7
Hill Climbing
Selecting Points from perimeter
7
Hill Climbing
Selecting Points from perimeter
7
Hill Climbing
Selecting Points from perimeter
7
Hill Climbing
Selecting Points from perimeter
7
Hill Climbing
Selecting Points from perimeter
7
Hill Climbing
Selecting Points from perimeter
7
Hill Climbing
Selecting Points from perimeter
7
Hill Climbing
Selecting Points from perimeter
7
Hill Climbing
Selecting Points from perimeter
7
Hill Climbing
Selecting Points from perimeter
7
Hill Climbing
Selecting Points from perimeter
7
Hill Climbing
Selecting Points from perimeter
7
Hill Climbing
Selecting Points from perimeter
7
Hill Climbing
Selecting Points from perimeter
7
Hill Climbing
Selecting Points from perimeter
7
Hill Climbing
Selecting Points from perimeter
7
Hill Climbing
Selecting Points from perimeter
7
Hill Climbing
Selecting Points from perimeter
7
Hill Climbing
Selecting Points from perimeter
7
Hill Climbing
Selecting Points from perimeter
7
Hill Climbing
Selecting Points from perimeter
7
Hill Climbing
Selecting Points from perimeter
7
Hill Climbing
Selecting Points from perimeter
7
Hill Climbing
Selecting Points from perimeter
7
Hill Climbing
Selecting Points from perimeter
7
Hill Climbing
Selecting Points from perimeter
7
Hill Climbing
Selecting Points from perimeter
7
Hill Climbing
Selecting Points from perimeter
7
Hill Climbing
Selecting Points from perimeter
7
Hill Climbing
Selecting Points from perimeter
7
Hill Climbing
Selecting Points from perimeter
7
Hill Climbing
Selecting Points from perimeter
7
Hill Climbing
Selecting Points from perimeter
7
Hill Climbing
Selecting Points from perimeter
7
Hill Climbing
loading annotations into memory...
Done (t=0.00s)
creating index...
index created!
Loading and preparing results...
DONE (t=0.00s)
creating index...
index created!
loading annotations into memory...
Done (t=0.00s)
creating index...
index created!
Loading and preparing results...
DONE (t=0.00s)
creating index...
index created!
loading annotations into memory...
Done (t=0.00s)
creating index...
index created!
Loading and preparing results...
DONE (t=0.00s)
creating index...
index created!
loading annotations into memory...
Done (t=0.00s)
creating index...
index created!
Loading and preparing results...
DONE (t=0.00s)
creating index...
index created!
[INFO] Saved results for configuration ID 3684 to ablation_outputs/3684.json
